2016-02-19 06:13:24.733+0000 INFO  [o.n.k.i.f.CommunityFacadeFactory] No locking implementation specified, defaulting to 'community'
2016-02-19 06:13:24.804+0000 INFO  [o.n.k.AvailabilityGuard] Requirement makes database unavailable: Database available
2016-02-19 06:13:24.810+0000 INFO  [o.n.k.i.DiagnosticsManager] --- INITIALIZED diagnostics START ---
2016-02-19 06:13:24.810+0000 INFO  [o.n.k.i.DiagnosticsManager] Neo4j Kernel properties:
2016-02-19 06:13:24.810+0000 INFO  [o.n.k.i.DiagnosticsManager] org.neo4j.server.db.tuning.properties=C:\Users\i006766\workspace\lc201602\lc_graph\neo4j.properties
2016-02-19 06:13:24.810+0000 INFO  [o.n.k.i.DiagnosticsManager] org.neo4j.server.database.location=C:\Users\i006766\workspace\lc201602\lc_graph
2016-02-19 06:13:24.810+0000 INFO  [o.n.k.i.DiagnosticsManager] dbms.querylog.filename=data/log/queries.log
2016-02-19 06:13:24.810+0000 INFO  [o.n.k.i.DiagnosticsManager] dbms.security.auth_store.location=C:\Users\i006766\workspace\lc201602\lc_graph\.\dbms\auth
2016-02-19 06:13:24.811+0000 INFO  [o.n.k.i.DiagnosticsManager] dbms.security.tls_certificate_file=C:\Users\i006766\workspace\lc201602\lc_graph\.\dbms\ssl\snakeoil.cert
2016-02-19 06:13:24.811+0000 INFO  [o.n.k.i.DiagnosticsManager] remote_shell_enabled=true
2016-02-19 06:13:24.811+0000 INFO  [o.n.k.i.DiagnosticsManager] edition=Community
2016-02-19 06:13:24.811+0000 INFO  [o.n.k.i.DiagnosticsManager] dbms.security.tls_key_file=C:\Users\i006766\workspace\lc201602\lc_graph\.\dbms\ssl\snakeoil.key
2016-02-19 06:13:24.811+0000 INFO  [o.n.k.i.DiagnosticsManager] Diagnostics providers:
2016-02-19 06:13:24.811+0000 INFO  [o.n.k.i.DiagnosticsManager] org.neo4j.kernel.configuration.Config
2016-02-19 06:13:24.811+0000 INFO  [o.n.k.i.DiagnosticsManager] org.neo4j.kernel.info.DiagnosticsManager
2016-02-19 06:13:24.811+0000 INFO  [o.n.k.i.DiagnosticsManager] SYSTEM_MEMORY
2016-02-19 06:13:24.811+0000 INFO  [o.n.k.i.DiagnosticsManager] JAVA_MEMORY
2016-02-19 06:13:24.811+0000 INFO  [o.n.k.i.DiagnosticsManager] OPERATING_SYSTEM
2016-02-19 06:13:24.811+0000 INFO  [o.n.k.i.DiagnosticsManager] JAVA_VIRTUAL_MACHINE
2016-02-19 06:13:24.811+0000 INFO  [o.n.k.i.DiagnosticsManager] CLASSPATH
2016-02-19 06:13:24.811+0000 INFO  [o.n.k.i.DiagnosticsManager] LIBRARY_PATH
2016-02-19 06:13:24.811+0000 INFO  [o.n.k.i.DiagnosticsManager] SYSTEM_PROPERTIES
2016-02-19 06:13:24.811+0000 INFO  [o.n.k.i.DiagnosticsManager] NETWORK
2016-02-19 06:13:24.811+0000 INFO  [o.n.k.i.DiagnosticsManager] System memory information:
2016-02-19 06:13:24.814+0000 INFO  [o.n.k.i.DiagnosticsManager] Total Physical memory: 7.70 GB
2016-02-19 06:13:24.814+0000 INFO  [o.n.k.i.DiagnosticsManager] Free Physical memory: 1.57 GB
2016-02-19 06:13:24.814+0000 INFO  [o.n.k.i.DiagnosticsManager] Committed virtual memory: 295.30 MB
2016-02-19 06:13:24.814+0000 INFO  [o.n.k.i.DiagnosticsManager] Total swap space: 8.31 GB
2016-02-19 06:13:24.814+0000 INFO  [o.n.k.i.DiagnosticsManager] Free swap space: 1.91 GB
2016-02-19 06:13:24.815+0000 INFO  [o.n.k.i.DiagnosticsManager] JVM memory information:
2016-02-19 06:13:24.815+0000 INFO  [o.n.k.i.DiagnosticsManager] Free  memory: 69.48 MB
2016-02-19 06:13:24.815+0000 INFO  [o.n.k.i.DiagnosticsManager] Total memory: 118.50 MB
2016-02-19 06:13:24.815+0000 INFO  [o.n.k.i.DiagnosticsManager] Max   memory: 1.71 GB
2016-02-19 06:13:24.816+0000 INFO  [o.n.k.i.DiagnosticsManager] Garbage Collector: PS Scavenge: [PS Eden Space, PS Survivor Space]
2016-02-19 06:13:24.816+0000 INFO  [o.n.k.i.DiagnosticsManager] Garbage Collector: PS MarkSweep: [PS Eden Space, PS Survivor Space, PS Old Gen, PS Perm Gen]
2016-02-19 06:13:24.817+0000 INFO  [o.n.k.i.DiagnosticsManager] Memory Pool: Code Cache (Non-heap memory): committed=2.44 MB, used=1.49 MB, max=48.00 MB, threshold=0.00 B
2016-02-19 06:13:24.817+0000 INFO  [o.n.k.i.DiagnosticsManager] Memory Pool: PS Eden Space (Heap memory): committed=31.50 MB, used=12.15 MB, max=647.50 MB, threshold=?
2016-02-19 06:13:24.818+0000 INFO  [o.n.k.i.DiagnosticsManager] Memory Pool: PS Survivor Space (Heap memory): committed=5.00 MB, used=4.97 MB, max=5.00 MB, threshold=?
2016-02-19 06:13:24.818+0000 INFO  [o.n.k.i.DiagnosticsManager] Memory Pool: PS Old Gen (Heap memory): committed=82.00 MB, used=31.90 MB, max=1.28 GB, threshold=0.00 B
2016-02-19 06:13:24.819+0000 INFO  [o.n.k.i.DiagnosticsManager] Memory Pool: PS Perm Gen (Non-heap memory): committed=23.00 MB, used=22.72 MB, max=82.00 MB, threshold=0.00 B
2016-02-19 06:13:24.819+0000 INFO  [o.n.k.i.DiagnosticsManager] Operating system information:
2016-02-19 06:13:24.819+0000 INFO  [o.n.k.i.DiagnosticsManager] Operating System: Windows 8.1; version: 6.3; arch: amd64; cpus: 4
2016-02-19 06:13:24.831+0000 INFO  [o.n.k.i.DiagnosticsManager] Process id: 18988@TYON50853972A
2016-02-19 06:13:24.831+0000 INFO  [o.n.k.i.DiagnosticsManager] Byte order: LITTLE_ENDIAN
2016-02-19 06:13:24.831+0000 INFO  [o.n.k.i.DiagnosticsManager] Local timezone: Asia/Tokyo
2016-02-19 06:13:24.831+0000 INFO  [o.n.k.i.DiagnosticsManager] JVM information:
2016-02-19 06:13:24.831+0000 INFO  [o.n.k.i.DiagnosticsManager] VM Name: Java HotSpot(TM) 64-Bit Server VM
2016-02-19 06:13:24.831+0000 INFO  [o.n.k.i.DiagnosticsManager] VM Vendor: Oracle Corporation
2016-02-19 06:13:24.831+0000 INFO  [o.n.k.i.DiagnosticsManager] VM Version: 24.80-b11
2016-02-19 06:13:24.832+0000 INFO  [o.n.k.i.DiagnosticsManager] JIT compiler: HotSpot 64-Bit Tiered Compilers
2016-02-19 06:13:24.832+0000 INFO  [o.n.k.i.DiagnosticsManager] VM Arguments: [-Dexe4j.semaphoreName=Local\c:_program_files_neo4j_ce_2.3.2_bin_neo4j-ce.exe, -Dexe4j.isInstall4j=true, -Dexe4j.moduleName=C:\Program Files\Neo4j CE 2.3.2\bin\neo4j-ce.exe, -Dexe4j.tempDir=, -Dexe4j.unextractedPosition=0, -Djava.library.path=C:\WINDOWS\system32;C:\WINDOWS;C:\WINDOWS\System32\Wbem;C:\WINDOWS\System32\WindowsPowerShell\v1.0\;C:\Windows\CCM;C:\Program Files (x86)\OpenText\Viewer\bin;C:\Python34;C:\Python34\Scripts;C:\Python34\Lib\site-packages;C:\Program Files\Git\cmd;C:\Program Files\Git\mingw64\bin;C:\Program Files\Git\usr\bin;C:\Users\i006766\AppData\Local\Programs\Python\Python35\Scripts\;C:\Users\i006766\AppData\Local\Programs\Python\Python35\;c:\users\i006766\appdata\local\temp\e4jbac7.tmp_dir1455862256\jre\bin;c:\program files\neo4j ce 2.3.2\jre\bin, -Dexe4j.consoleCodepage=cp0, -Dinstall4j.launcherId=24, -Dinstall4j.swt=false]
2016-02-19 06:13:24.832+0000 INFO  [o.n.k.i.DiagnosticsManager] Java classpath:
2016-02-19 06:13:24.836+0000 INFO  [o.n.k.i.DiagnosticsManager]  [loader.1] file:/C:/Program%20Files/Neo4j%20CE%202.3.2/jre/lib/ext/access-bridge-64.jar
2016-02-19 06:13:24.836+0000 INFO  [o.n.k.i.DiagnosticsManager]  [loader.1] file:/C:/Program%20Files/Neo4j%20CE%202.3.2/jre/lib/ext/dns_sd.jar
2016-02-19 06:13:24.836+0000 INFO  [o.n.k.i.DiagnosticsManager]  [bootstrap] C:\Program Files\Neo4j CE 2.3.2\jre\lib\charsets.jar
2016-02-19 06:13:24.837+0000 INFO  [o.n.k.i.DiagnosticsManager]  [loader.1] file:/C:/Program%20Files/Neo4j%20CE%202.3.2/jre/lib/ext/jaccess.jar
2016-02-19 06:13:24.837+0000 INFO  [o.n.k.i.DiagnosticsManager]  [loader.1] file:/C:/Program%20Files/Neo4j%20CE%202.3.2/jre/lib/ext/sunmscapi.jar
2016-02-19 06:13:24.837+0000 INFO  [o.n.k.i.DiagnosticsManager]  [classpath] C:\Program Files\Neo4j CE 2.3.2\.install4j\i4jruntime.jar
2016-02-19 06:13:24.837+0000 INFO  [o.n.k.i.DiagnosticsManager]  [loader.1] file:/C:/Program%20Files/Neo4j%20CE%202.3.2/jre/lib/ext/sunjce_provider.jar
2016-02-19 06:13:24.837+0000 INFO  [o.n.k.i.DiagnosticsManager]  [bootstrap] C:\Program Files\Neo4j CE 2.3.2\jre\lib\resources.jar
2016-02-19 06:13:24.837+0000 INFO  [o.n.k.i.DiagnosticsManager]  [classpath] C:\Program Files\Neo4j CE 2.3.2\bin\neo4j-desktop-2.3.2.jar
2016-02-19 06:13:24.837+0000 INFO  [o.n.k.i.DiagnosticsManager]  [loader.0] file:/C:/Program%20Files/Neo4j%20CE%202.3.2/bin/
2016-02-19 06:13:24.837+0000 INFO  [o.n.k.i.DiagnosticsManager]  [bootstrap] C:\Program Files\Neo4j CE 2.3.2\jre\lib\jsse.jar
2016-02-19 06:13:24.837+0000 INFO  [o.n.k.i.DiagnosticsManager]  [bootstrap] C:\Program Files\Neo4j CE 2.3.2\jre\lib\rt.jar
2016-02-19 06:13:24.837+0000 INFO  [o.n.k.i.DiagnosticsManager]  [bootstrap] C:\Program Files\Neo4j CE 2.3.2\jre\lib\jce.jar
2016-02-19 06:13:24.837+0000 INFO  [o.n.k.i.DiagnosticsManager]  [loader.0] file:/C:/Program%20Files/Neo4j%20CE%202.3.2/bin/neo4j-desktop-2.3.2.jar
2016-02-19 06:13:24.837+0000 INFO  [o.n.k.i.DiagnosticsManager]  [loader.1] file:/C:/Program%20Files/Neo4j%20CE%202.3.2/jre/lib/ext/localedata.jar
2016-02-19 06:13:24.837+0000 INFO  [o.n.k.i.DiagnosticsManager]  [loader.0] file:/C:/Program%20Files/Neo4j%20CE%202.3.2/.install4j/i4jruntime.jar
2016-02-19 06:13:24.837+0000 INFO  [o.n.k.i.DiagnosticsManager]  [loader.1] file:/C:/Program%20Files/Neo4j%20CE%202.3.2/jre/lib/ext/zipfs.jar
2016-02-19 06:13:24.837+0000 INFO  [o.n.k.i.DiagnosticsManager]  [loader.1] file:/C:/Program%20Files/Neo4j%20CE%202.3.2/jre/lib/ext/sunec.jar
2016-02-19 06:13:24.838+0000 INFO  [o.n.k.i.DiagnosticsManager]  [bootstrap] C:\Program Files\Neo4j CE 2.3.2\jre\lib\jfr.jar
2016-02-19 06:13:24.838+0000 INFO  [o.n.k.i.DiagnosticsManager]  [loader.1] file:/C:/Program%20Files/Neo4j%20CE%202.3.2/jre/lib/ext/dnsns.jar
2016-02-19 06:13:24.838+0000 INFO  [o.n.k.i.DiagnosticsManager]  [bootstrap] C:\Program Files\Neo4j CE 2.3.2\jre\classes
2016-02-19 06:13:24.838+0000 INFO  [o.n.k.i.DiagnosticsManager]  [bootstrap] C:\Program Files\Neo4j CE 2.3.2\jre\lib\sunrsasign.jar
2016-02-19 06:13:24.838+0000 INFO  [o.n.k.i.DiagnosticsManager] Library path:
2016-02-19 06:13:24.839+0000 INFO  [o.n.k.i.DiagnosticsManager] C:\Windows\System32
2016-02-19 06:13:24.839+0000 INFO  [o.n.k.i.DiagnosticsManager] C:\Windows
2016-02-19 06:13:24.840+0000 INFO  [o.n.k.i.DiagnosticsManager] C:\Windows\System32\wbem
2016-02-19 06:13:24.840+0000 INFO  [o.n.k.i.DiagnosticsManager] C:\Windows\System32\WindowsPowerShell\v1.0
2016-02-19 06:13:24.841+0000 INFO  [o.n.k.i.DiagnosticsManager] C:\Windows\CCM
2016-02-19 06:13:24.842+0000 INFO  [o.n.k.i.DiagnosticsManager] C:\Program Files (x86)\OpenText\Viewer\bin
2016-02-19 06:13:24.842+0000 INFO  [o.n.k.i.DiagnosticsManager] C:\Python34
2016-02-19 06:13:24.843+0000 INFO  [o.n.k.i.DiagnosticsManager] C:\Python34\Scripts
2016-02-19 06:13:24.843+0000 INFO  [o.n.k.i.DiagnosticsManager] C:\Python34\Lib\site-packages
2016-02-19 06:13:24.844+0000 INFO  [o.n.k.i.DiagnosticsManager] C:\Program Files\Git\cmd
2016-02-19 06:13:24.845+0000 INFO  [o.n.k.i.DiagnosticsManager] C:\Program Files\Git\mingw64\bin
2016-02-19 06:13:24.845+0000 INFO  [o.n.k.i.DiagnosticsManager] C:\Program Files\Git\usr\bin
2016-02-19 06:13:24.846+0000 INFO  [o.n.k.i.DiagnosticsManager] C:\Users\i006766\AppData\Local\Programs\Python\Python35\Scripts
2016-02-19 06:13:24.847+0000 INFO  [o.n.k.i.DiagnosticsManager] C:\Users\i006766\AppData\Local\Programs\Python\Python35
2016-02-19 06:13:24.848+0000 INFO  [o.n.k.i.DiagnosticsManager] C:\Users\i006766\AppData\Local\Temp\e4jbac7.tmp_dir1455862256\jre\bin
2016-02-19 06:13:24.849+0000 INFO  [o.n.k.i.DiagnosticsManager] C:\Program Files\Neo4j CE 2.3.2\jre\bin
2016-02-19 06:13:24.849+0000 INFO  [o.n.k.i.DiagnosticsManager] System.properties:
2016-02-19 06:13:24.849+0000 INFO  [o.n.k.i.DiagnosticsManager] exe4j.moduleName = C:\Program Files\Neo4j CE 2.3.2\bin\neo4j-ce.exe
2016-02-19 06:13:24.849+0000 INFO  [o.n.k.i.DiagnosticsManager] exe4j.semaphoreName = Local\c:_program_files_neo4j_ce_2.3.2_bin_neo4j-ce.exe
2016-02-19 06:13:24.849+0000 INFO  [o.n.k.i.DiagnosticsManager] sun.boot.library.path = c:\program files\neo4j ce 2.3.2\jre\bin
2016-02-19 06:13:24.849+0000 INFO  [o.n.k.i.DiagnosticsManager] user.country.format = JP
2016-02-19 06:13:24.849+0000 INFO  [o.n.k.i.DiagnosticsManager] exe4j.consoleCodepage = cp0
2016-02-19 06:13:24.849+0000 INFO  [o.n.k.i.DiagnosticsManager] path.separator = ;
2016-02-19 06:13:24.849+0000 INFO  [o.n.k.i.DiagnosticsManager] file.encoding.pkg = sun.io
2016-02-19 06:13:24.849+0000 INFO  [o.n.k.i.DiagnosticsManager] user.country = US
2016-02-19 06:13:24.850+0000 INFO  [o.n.k.i.DiagnosticsManager] user.script = 
2016-02-19 06:13:24.850+0000 INFO  [o.n.k.i.DiagnosticsManager] sun.os.patch.level = 
2016-02-19 06:13:24.850+0000 INFO  [o.n.k.i.DiagnosticsManager] install4j.exeDir = C:\Program Files\Neo4j CE 2.3.2\bin\
2016-02-19 06:13:24.850+0000 INFO  [o.n.k.i.DiagnosticsManager] user.dir = C:\Program Files\Neo4j CE 2.3.2\bin
2016-02-19 06:13:24.850+0000 INFO  [o.n.k.i.DiagnosticsManager] neo4j.ext.udc.source = desktop
2016-02-19 06:13:24.850+0000 INFO  [o.n.k.i.DiagnosticsManager] user.variant = 
2016-02-19 06:13:24.850+0000 INFO  [o.n.k.i.DiagnosticsManager] exe4j.tempDir = 
2016-02-19 06:13:24.850+0000 INFO  [o.n.k.i.DiagnosticsManager] sun.jnu.encoding = MS932
2016-02-19 06:13:24.850+0000 INFO  [o.n.k.i.DiagnosticsManager] sun.awt.enableExtraMouseButtons = true
2016-02-19 06:13:24.850+0000 INFO  [o.n.k.i.DiagnosticsManager] install4j.launcherId = 24
2016-02-19 06:13:24.850+0000 INFO  [o.n.k.i.DiagnosticsManager] sun.management.compiler = HotSpot 64-Bit Tiered Compilers
2016-02-19 06:13:24.850+0000 INFO  [o.n.k.i.DiagnosticsManager] exe4j.isInstall4j = true
2016-02-19 06:13:24.850+0000 INFO  [o.n.k.i.DiagnosticsManager] install4j.swt = false
2016-02-19 06:13:24.850+0000 INFO  [o.n.k.i.DiagnosticsManager] user.home = C:\Users\i006766
2016-02-19 06:13:24.851+0000 INFO  [o.n.k.i.DiagnosticsManager] user.timezone = Asia/Tokyo
2016-02-19 06:13:24.851+0000 INFO  [o.n.k.i.DiagnosticsManager] file.encoding = MS932
2016-02-19 06:13:24.851+0000 INFO  [o.n.k.i.DiagnosticsManager] user.name = I006766
2016-02-19 06:13:24.851+0000 INFO  [o.n.k.i.DiagnosticsManager] sun.java.command = C:\Program Files\Neo4j CE 2.3.2\bin\neo4j-ce.exe
2016-02-19 06:13:24.851+0000 INFO  [o.n.k.i.DiagnosticsManager] sun.arch.data.model = 64
2016-02-19 06:13:24.851+0000 INFO  [o.n.k.i.DiagnosticsManager] exe4j.launchName = C:\PROGRA~1\NEO4JC~1.2\bin\neo4j-ce.exe
2016-02-19 06:13:24.851+0000 INFO  [o.n.k.i.DiagnosticsManager] user.language = en
2016-02-19 06:13:24.851+0000 INFO  [o.n.k.i.DiagnosticsManager] user.language.format = ja
2016-02-19 06:13:24.851+0000 INFO  [o.n.k.i.DiagnosticsManager] awt.toolkit = sun.awt.windows.WToolkit
2016-02-19 06:13:24.851+0000 INFO  [o.n.k.i.DiagnosticsManager] exe4j.unextractedPosition = 0
2016-02-19 06:13:24.851+0000 INFO  [o.n.k.i.DiagnosticsManager] install4j.appDir = C:\Program Files\Neo4j CE 2.3.2\
2016-02-19 06:13:24.851+0000 INFO  [o.n.k.i.DiagnosticsManager] file.separator = \
2016-02-19 06:13:24.851+0000 INFO  [o.n.k.i.DiagnosticsManager] sun.io.unicode.encoding = UnicodeLittle
2016-02-19 06:13:24.852+0000 INFO  [o.n.k.i.DiagnosticsManager] sun.cpu.endian = little
2016-02-19 06:13:24.852+0000 INFO  [o.n.k.i.DiagnosticsManager] sun.desktop = windows
2016-02-19 06:13:24.852+0000 INFO  [o.n.k.i.DiagnosticsManager] sun.cpu.isalist = amd64
2016-02-19 06:13:24.852+0000 INFO  [o.n.k.i.DiagnosticsManager] Network information:
2016-02-19 06:13:24.947+0000 INFO  [o.n.k.i.DiagnosticsManager] Interface Software Loopback Interface 1:
2016-02-19 06:13:24.947+0000 INFO  [o.n.k.i.DiagnosticsManager]     address: 127.0.0.1
2016-02-19 06:13:24.947+0000 INFO  [o.n.k.i.DiagnosticsManager]     address: 0:0:0:0:0:0:0:1
2016-02-19 06:13:24.948+0000 INFO  [o.n.k.i.DiagnosticsManager] Interface Microsoft Kernel Debug Network Adapter:
2016-02-19 06:13:24.948+0000 INFO  [o.n.k.i.DiagnosticsManager] Interface Intel(R) 82579LM Gigabit Network Connection:
2016-02-19 06:13:24.948+0000 INFO  [o.n.k.i.DiagnosticsManager]     address: fe80:0:0:0:2d47:7601:7e96:1de7%3
2016-02-19 06:13:24.948+0000 INFO  [o.n.k.i.DiagnosticsManager] Interface Intel(R) Centrino(R) Advanced-N 6205:
2016-02-19 06:13:24.948+0000 INFO  [o.n.k.i.DiagnosticsManager]     address: 192.168.8.100
2016-02-19 06:13:24.948+0000 INFO  [o.n.k.i.DiagnosticsManager]     address: fe80:0:0:0:e9fb:dd3d:4e24:a3d8%4
2016-02-19 06:13:24.948+0000 INFO  [o.n.k.i.DiagnosticsManager] Interface Microsoft Wi-Fi Direct Virtual Adapter:
2016-02-19 06:13:24.948+0000 INFO  [o.n.k.i.DiagnosticsManager]     address: fe80:0:0:0:65ba:35fc:c776:8e9%5
2016-02-19 06:13:24.948+0000 INFO  [o.n.k.i.DiagnosticsManager] Interface Microsoft ISATAP Adapter:
2016-02-19 06:13:24.948+0000 INFO  [o.n.k.i.DiagnosticsManager] Interface Microsoft ISATAP Adapter #2:
2016-02-19 06:13:24.948+0000 INFO  [o.n.k.i.DiagnosticsManager] Interface F5 Networks VPN Adapter:
2016-02-19 06:13:24.948+0000 INFO  [o.n.k.i.DiagnosticsManager] Interface WAN Miniport (SSTP):
2016-02-19 06:13:24.949+0000 INFO  [o.n.k.i.DiagnosticsManager] Interface WAN Miniport (PPTP):
2016-02-19 06:13:24.949+0000 INFO  [o.n.k.i.DiagnosticsManager] Interface WAN Miniport (IKEv2):
2016-02-19 06:13:24.949+0000 INFO  [o.n.k.i.DiagnosticsManager] Interface WAN Miniport (L2TP):
2016-02-19 06:13:24.949+0000 INFO  [o.n.k.i.DiagnosticsManager] Interface WAN Miniport (PPPOE):
2016-02-19 06:13:24.949+0000 INFO  [o.n.k.i.DiagnosticsManager] Interface WAN Miniport (IP):
2016-02-19 06:13:24.949+0000 INFO  [o.n.k.i.DiagnosticsManager] Interface WAN Miniport (IPv6):
2016-02-19 06:13:24.949+0000 INFO  [o.n.k.i.DiagnosticsManager] Interface WAN Miniport (Network Monitor):
2016-02-19 06:13:24.949+0000 INFO  [o.n.k.i.DiagnosticsManager] Interface RAS Async Adapter:
2016-02-19 06:13:24.949+0000 INFO  [o.n.k.i.DiagnosticsManager] Interface Bluetooth Device (RFCOMM Protocol TDI):
2016-02-19 06:13:24.949+0000 INFO  [o.n.k.i.DiagnosticsManager] Interface Bluetooth Device (Personal Area Network):
2016-02-19 06:13:24.949+0000 INFO  [o.n.k.i.DiagnosticsManager] Interface iphttpsinterface:
2016-02-19 06:13:24.949+0000 INFO  [o.n.k.i.DiagnosticsManager]     address: 2002:a991:c28a:1000:a5fa:7df:13ad:c2
2016-02-19 06:13:24.949+0000 INFO  [o.n.k.i.DiagnosticsManager]     address: 2002:a991:c28a:1000:9c37:2509:ec62:8bbc
2016-02-19 06:13:24.949+0000 INFO  [o.n.k.i.DiagnosticsManager]     address: fe80:0:0:0:a5fa:7df:13ad:c2%20
2016-02-19 06:13:24.950+0000 INFO  [o.n.k.i.DiagnosticsManager] Interface Microsoft ISATAP Adapter #3:
2016-02-19 06:13:24.950+0000 INFO  [o.n.k.i.DiagnosticsManager]     address: fe80:0:0:0:0:5efe:c0a8:864%21
2016-02-19 06:13:24.950+0000 INFO  [o.n.k.i.DiagnosticsManager] Interface Bluetooth Device (Personal Area Network) #2:
2016-02-19 06:13:24.950+0000 INFO  [o.n.k.i.DiagnosticsManager]     address: fe80:0:0:0:cd22:85b4:229a:12d%22
2016-02-19 06:13:24.950+0000 INFO  [o.n.k.i.DiagnosticsManager] Interface Bluetooth Device (RFCOMM Protocol TDI) #2:
2016-02-19 06:13:24.950+0000 INFO  [o.n.k.i.DiagnosticsManager] Interface Intel(R) 82579LM Gigabit Network Connection-WFP Native MAC Layer LightWeight Filter-0000:
2016-02-19 06:13:24.950+0000 INFO  [o.n.k.i.DiagnosticsManager] Interface Intel(R) 82579LM Gigabit Network Connection-QoS Packet Scheduler-0000:
2016-02-19 06:13:24.950+0000 INFO  [o.n.k.i.DiagnosticsManager] Interface Intel(R) 82579LM Gigabit Network Connection-McAfee NDIS Light-Weight Filter-0000:
2016-02-19 06:13:24.950+0000 INFO  [o.n.k.i.DiagnosticsManager] Interface Intel(R) 82579LM Gigabit Network Connection-WFP 802.3 MAC Layer LightWeight Filter-0000:
2016-02-19 06:13:24.950+0000 INFO  [o.n.k.i.DiagnosticsManager] Interface Intel(R) Centrino(R) Advanced-N 6205-WFP Native MAC Layer LightWeight Filter-0000:
2016-02-19 06:13:24.950+0000 INFO  [o.n.k.i.DiagnosticsManager] Interface Intel(R) Centrino(R) Advanced-N 6205-Virtual WiFi Filter Driver-0000:
2016-02-19 06:13:24.950+0000 INFO  [o.n.k.i.DiagnosticsManager] Interface Intel(R) Centrino(R) Advanced-N 6205-Native WiFi Filter Driver-0000:
2016-02-19 06:13:24.950+0000 INFO  [o.n.k.i.DiagnosticsManager] Interface Intel(R) Centrino(R) Advanced-N 6205-QoS Packet Scheduler-0000:
2016-02-19 06:13:24.950+0000 INFO  [o.n.k.i.DiagnosticsManager] Interface Intel(R) Centrino(R) Advanced-N 6205-McAfee NDIS Light-Weight Filter-0000:
2016-02-19 06:13:24.950+0000 INFO  [o.n.k.i.DiagnosticsManager] Interface Intel(R) Centrino(R) Advanced-N 6205-WFP 802.3 MAC Layer LightWeight Filter-0000:
2016-02-19 06:13:24.950+0000 INFO  [o.n.k.i.DiagnosticsManager] Interface Microsoft Wi-Fi Direct Virtual Adapter-WFP Native MAC Layer LightWeight Filter-0000:
2016-02-19 06:13:24.951+0000 INFO  [o.n.k.i.DiagnosticsManager] Interface Microsoft Wi-Fi Direct Virtual Adapter-Native WiFi Filter Driver-0000:
2016-02-19 06:13:24.951+0000 INFO  [o.n.k.i.DiagnosticsManager] Interface Microsoft Wi-Fi Direct Virtual Adapter-QoS Packet Scheduler-0000:
2016-02-19 06:13:24.951+0000 INFO  [o.n.k.i.DiagnosticsManager] Interface Microsoft Wi-Fi Direct Virtual Adapter-McAfee NDIS Light-Weight Filter-0000:
2016-02-19 06:13:24.951+0000 INFO  [o.n.k.i.DiagnosticsManager] Interface Microsoft Wi-Fi Direct Virtual Adapter-WFP 802.3 MAC Layer LightWeight Filter-0000:
2016-02-19 06:13:24.951+0000 INFO  [o.n.k.i.DiagnosticsManager] Interface WAN Miniport (IP)-WFP Native MAC Layer LightWeight Filter-0000:
2016-02-19 06:13:24.951+0000 INFO  [o.n.k.i.DiagnosticsManager] Interface WAN Miniport (IP)-QoS Packet Scheduler-0000:
2016-02-19 06:13:24.951+0000 INFO  [o.n.k.i.DiagnosticsManager] Interface WAN Miniport (IPv6)-WFP Native MAC Layer LightWeight Filter-0000:
2016-02-19 06:13:24.951+0000 INFO  [o.n.k.i.DiagnosticsManager] Interface WAN Miniport (IPv6)-QoS Packet Scheduler-0000:
2016-02-19 06:13:24.951+0000 INFO  [o.n.k.i.DiagnosticsManager] Interface WAN Miniport (Network Monitor)-WFP Native MAC Layer LightWeight Filter-0000:
2016-02-19 06:13:24.951+0000 INFO  [o.n.k.i.DiagnosticsManager] Interface WAN Miniport (Network Monitor)-QoS Packet Scheduler-0000:
2016-02-19 06:13:24.951+0000 INFO  [o.n.k.i.DiagnosticsManager] Interface Microsoft ISATAP Adapter #3-McAfee NDIS Light-Weight Filter-0000:
2016-02-19 06:13:24.951+0000 INFO  [o.n.k.i.DiagnosticsManager] Interface iphttpsinterface-McAfee NDIS Light-Weight Filter-0000:
2016-02-19 06:13:24.951+0000 INFO  [o.n.k.i.DiagnosticsManager] --- INITIALIZED diagnostics END ---
2016-02-19 06:13:27.236+0000 INFO  [o.n.k.a.i.i.LuceneLabelScanStore] No lucene scan store index found, this might just be first use. Preparing to rebuild.
2016-02-19 06:13:27.299+0000 INFO  [o.n.k.NeoStoreDataSource] Opened logical log [C:\Users\i006766\workspace\lc201602\lc_graph\neostore.transaction.db.0] version=0, lastTxId=1 (clean)
2016-02-19 06:13:27.309+0000 WARN  [o.n.k.i.s.MetaDataStore] Missing counts store, rebuilding it.
2016-02-19 06:13:27.437+0000 INFO  [o.n.k.a.i.i.LuceneLabelScanStore] Rebuilding lucene scan store, this may take a while
2016-02-19 06:13:27.438+0000 INFO  [o.n.k.a.i.i.LuceneLabelScanStore] Lucene scan store rebuilt (roughly -1 nodes)
2016-02-19 06:13:27.444+0000 INFO  [o.n.k.KernelHealth] Kernel health set to OK
2016-02-19 06:13:50.064+0000 INFO  [o.n.k.AvailabilityGuard] Fulfilling of requirement makes database available: Database available
2016-02-19 06:13:50.066+0000 INFO  [o.n.k.i.f.CommunityFacadeFactory] Database is now ready
2016-02-19 06:13:50.069+0000 INFO  [o.n.k.i.DiagnosticsManager] --- STARTED diagnostics for KernelDiagnostics:Versions START ---
2016-02-19 06:13:50.070+0000 INFO  [o.n.k.i.DiagnosticsManager] Graph Database: Community StoreId{creationTime=1455862407057, randomId=3188989356517047407, storeVersion=15250506225055238, upgradeTime=1455862407057, upgradeId=1}
2016-02-19 06:13:50.070+0000 INFO  [o.n.k.i.DiagnosticsManager] Kernel version: 2.3.2
2016-02-19 06:13:50.071+0000 INFO  [o.n.k.i.DiagnosticsManager] --- STARTED diagnostics for KernelDiagnostics:Versions END ---
2016-02-19 06:13:50.076+0000 INFO  [o.n.k.i.DiagnosticsManager] --- STARTED diagnostics for NEO_STORE_VERSIONS START ---
2016-02-19 06:13:50.077+0000 INFO  [o.n.k.i.DiagnosticsManager] Store versions:
2016-02-19 06:13:50.078+0000 INFO  [o.n.k.i.DiagnosticsManager] Store versions:
2016-02-19 06:13:50.078+0000 INFO  [o.n.k.i.DiagnosticsManager] ArrayPropertyStore v0.A.6
2016-02-19 06:13:50.079+0000 INFO  [o.n.k.i.DiagnosticsManager] NodeStore v0.A.6
2016-02-19 06:13:50.079+0000 INFO  [o.n.k.i.DiagnosticsManager] StringPropertyStore v0.A.6
2016-02-19 06:13:50.080+0000 INFO  [o.n.k.i.DiagnosticsManager] PropertyIndexStore v0.A.6
2016-02-19 06:13:50.080+0000 INFO  [o.n.k.i.DiagnosticsManager] StringPropertyStore v0.A.6
2016-02-19 06:13:50.081+0000 INFO  [o.n.k.i.DiagnosticsManager] ArrayPropertyStore v0.A.6
2016-02-19 06:13:50.081+0000 INFO  [o.n.k.i.DiagnosticsManager] PropertyStore v0.A.6
2016-02-19 06:13:50.082+0000 INFO  [o.n.k.i.DiagnosticsManager] RelationshipStore v0.A.6
2016-02-19 06:13:50.082+0000 INFO  [o.n.k.i.DiagnosticsManager] StringPropertyStore v0.A.6
2016-02-19 06:13:50.083+0000 INFO  [o.n.k.i.DiagnosticsManager] RelationshipTypeStore v0.A.6
2016-02-19 06:13:50.083+0000 INFO  [o.n.k.i.DiagnosticsManager] StringPropertyStore v0.A.6
2016-02-19 06:13:50.084+0000 INFO  [o.n.k.i.DiagnosticsManager] LabelTokenStore v0.A.6
2016-02-19 06:13:50.085+0000 INFO  [o.n.k.i.DiagnosticsManager] SchemaStore v0.A.6
2016-02-19 06:13:50.085+0000 INFO  [o.n.k.i.DiagnosticsManager] RelationshipGroupStore v0.A.6
2016-02-19 06:13:50.085+0000 INFO  [o.n.k.i.DiagnosticsManager] NeoStore v0.A.6
2016-02-19 06:13:50.086+0000 INFO  [o.n.k.i.DiagnosticsManager] --- STARTED diagnostics for NEO_STORE_VERSIONS END ---
2016-02-19 06:13:50.086+0000 INFO  [o.n.k.i.DiagnosticsManager] --- STARTED diagnostics for NEO_STORE_ID_USAGE START ---
2016-02-19 06:13:50.087+0000 INFO  [o.n.k.i.DiagnosticsManager] Id usage:
2016-02-19 06:13:50.087+0000 INFO  [o.n.k.i.DiagnosticsManager] Id usage:
2016-02-19 06:13:50.088+0000 INFO  [o.n.k.i.DiagnosticsManager]   ArrayPropertyStore v0.A.6: used=1 high=0
2016-02-19 06:13:50.088+0000 INFO  [o.n.k.i.DiagnosticsManager]   NodeStore v0.A.6: used=0 high=-1
2016-02-19 06:13:50.088+0000 INFO  [o.n.k.i.DiagnosticsManager]   StringPropertyStore v0.A.6: used=1 high=0
2016-02-19 06:13:50.089+0000 INFO  [o.n.k.i.DiagnosticsManager]   PropertyIndexStore v0.A.6: used=0 high=-1
2016-02-19 06:13:50.089+0000 INFO  [o.n.k.i.DiagnosticsManager]   StringPropertyStore v0.A.6: used=1 high=0
2016-02-19 06:13:50.089+0000 INFO  [o.n.k.i.DiagnosticsManager]   ArrayPropertyStore v0.A.6: used=1 high=0
2016-02-19 06:13:50.089+0000 INFO  [o.n.k.i.DiagnosticsManager]   PropertyStore v0.A.6: used=0 high=-1
2016-02-19 06:13:50.090+0000 INFO  [o.n.k.i.DiagnosticsManager]   RelationshipStore v0.A.6: used=0 high=-1
2016-02-19 06:13:50.090+0000 INFO  [o.n.k.i.DiagnosticsManager]   StringPropertyStore v0.A.6: used=1 high=0
2016-02-19 06:13:50.090+0000 INFO  [o.n.k.i.DiagnosticsManager]   RelationshipTypeStore v0.A.6: used=0 high=-1
2016-02-19 06:13:50.090+0000 INFO  [o.n.k.i.DiagnosticsManager]   StringPropertyStore v0.A.6: used=1 high=0
2016-02-19 06:13:50.091+0000 INFO  [o.n.k.i.DiagnosticsManager]   LabelTokenStore v0.A.6: used=0 high=-1
2016-02-19 06:13:50.091+0000 INFO  [o.n.k.i.DiagnosticsManager]   SchemaStore v0.A.6: used=1 high=0
2016-02-19 06:13:50.091+0000 INFO  [o.n.k.i.DiagnosticsManager]   RelationshipGroupStore v0.A.6: used=1 high=0
2016-02-19 06:13:50.091+0000 INFO  [o.n.k.i.DiagnosticsManager]   NeoStore v0.A.6: used=13 high=12
2016-02-19 06:13:50.091+0000 INFO  [o.n.k.i.DiagnosticsManager] --- STARTED diagnostics for NEO_STORE_ID_USAGE END ---
2016-02-19 06:13:50.092+0000 INFO  [o.n.k.i.DiagnosticsManager] --- STARTED diagnostics for NEO_STORE_RECORDS START ---
2016-02-19 06:13:50.092+0000 INFO  [o.n.k.i.DiagnosticsManager] Neostore records:
2016-02-19 06:13:50.092+0000 INFO  [o.n.k.i.DiagnosticsManager] TIME (Creation time): 1455862407057
2016-02-19 06:13:50.093+0000 INFO  [o.n.k.i.DiagnosticsManager] RANDOM_NUMBER (Random number for store id): 3188989356517047407
2016-02-19 06:13:50.093+0000 INFO  [o.n.k.i.DiagnosticsManager] LOG_VERSION (Current log version): 0
2016-02-19 06:13:50.093+0000 INFO  [o.n.k.i.DiagnosticsManager] LAST_TRANSACTION_ID (Last committed transaction): 1
2016-02-19 06:13:50.093+0000 INFO  [o.n.k.i.DiagnosticsManager] STORE_VERSION (Store format version): 15250506225055238
2016-02-19 06:13:50.093+0000 INFO  [o.n.k.i.DiagnosticsManager] FIRST_GRAPH_PROPERTY (First property record containing graph properties): -1
2016-02-19 06:13:50.094+0000 INFO  [o.n.k.i.DiagnosticsManager] LAST_CONSTRAINT_TRANSACTION (Last committed transaction containing constraint changes): 0
2016-02-19 06:13:50.094+0000 INFO  [o.n.k.i.DiagnosticsManager] UPGRADE_TRANSACTION_ID (Transaction id most recent upgrade was performed at): 1
2016-02-19 06:13:50.094+0000 INFO  [o.n.k.i.DiagnosticsManager] UPGRADE_TIME (Time of last upgrade): 1455862407057
2016-02-19 06:13:50.094+0000 INFO  [o.n.k.i.DiagnosticsManager] LAST_TRANSACTION_CHECKSUM (Checksum of last committed transaction): 0
2016-02-19 06:13:50.094+0000 INFO  [o.n.k.i.DiagnosticsManager] UPGRADE_TRANSACTION_CHECKSUM (Checksum of transaction id the most recent upgrade was performed at): 0
2016-02-19 06:13:50.094+0000 INFO  [o.n.k.i.DiagnosticsManager] LAST_CLOSED_TRANSACTION_LOG_VERSION (Log version where the last transaction commit entry has been written into): 0
2016-02-19 06:13:50.094+0000 INFO  [o.n.k.i.DiagnosticsManager] LAST_CLOSED_TRANSACTION_LOG_BYTE_OFFSET (Byte offset in the log file where the last transaction commit entry has been written into): 16
2016-02-19 06:13:50.095+0000 INFO  [o.n.k.i.DiagnosticsManager] --- STARTED diagnostics for NEO_STORE_RECORDS END ---
2016-02-19 06:13:50.095+0000 INFO  [o.n.k.i.DiagnosticsManager] --- STARTED diagnostics for TRANSACTION_RANGE START ---
2016-02-19 06:13:50.095+0000 INFO  [o.n.k.i.DiagnosticsManager] Transaction log:
2016-02-19 06:13:50.100+0000 INFO  [o.n.k.i.DiagnosticsManager] No transactions found in any log
2016-02-19 06:13:50.100+0000 INFO  [o.n.k.i.DiagnosticsManager] --- STARTED diagnostics for TRANSACTION_RANGE END ---
2016-02-19 06:13:50.101+0000 INFO  [o.n.k.i.DiagnosticsManager] --- STARTED diagnostics for KernelDiagnostics:StoreFiles START ---
2016-02-19 06:13:50.103+0000 INFO  [o.n.k.i.DiagnosticsManager] Disk space on partition (Total / Free / Free %): 239531454464 / 121957421056 / 50
Storage files: (filename : modification date - size)
2016-02-19 06:13:50.104+0000 INFO  [o.n.k.i.DiagnosticsManager]   dbms:
2016-02-19 06:13:50.105+0000 INFO  [o.n.k.i.DiagnosticsManager]     ssl:
2016-02-19 06:13:50.105+0000 INFO  [o.n.k.i.DiagnosticsManager]       snakeoil.cert: 2016-02-19T15:13:24+0900 - 630.00 B
2016-02-19 06:13:50.106+0000 INFO  [o.n.k.i.DiagnosticsManager]       snakeoil.key: 2016-02-19T15:13:24+0900 - 914.00 B
2016-02-19 06:13:50.106+0000 INFO  [o.n.k.i.DiagnosticsManager]     - Total: 2016-02-19T15:13:24+0900 - 1.51 kB
2016-02-19 06:13:50.106+0000 INFO  [o.n.k.i.DiagnosticsManager]   - Total: 2016-02-19T15:13:24+0900 - 1.51 kB
2016-02-19 06:13:50.107+0000 INFO  [o.n.k.i.DiagnosticsManager]   index:
2016-02-19 06:13:50.107+0000 INFO  [o.n.k.i.DiagnosticsManager]   - Total: 2016-02-19T15:13:27+0900 - 0.00 B
2016-02-19 06:13:50.108+0000 INFO  [o.n.k.i.DiagnosticsManager]   messages.log: 2016-02-19T15:13:40+0900 - 30.43 kB
2016-02-19 06:13:50.108+0000 INFO  [o.n.k.i.DiagnosticsManager]   neo4j.properties: 2016-02-19T15:13:23+0900 - 1.30 kB
2016-02-19 06:13:50.109+0000 INFO  [o.n.k.i.DiagnosticsManager]   neostore: 2016-02-19T15:13:27+0900 - 8.00 kB
2016-02-19 06:13:50.109+0000 INFO  [o.n.k.i.DiagnosticsManager]   neostore.counts.db.a: 2016-02-19T15:13:27+0900 - 96.00 B
2016-02-19 06:13:50.109+0000 INFO  [o.n.k.i.DiagnosticsManager]   neostore.id: 2016-02-19T15:13:27+0900 - 9.00 B
2016-02-19 06:13:50.110+0000 INFO  [o.n.k.i.DiagnosticsManager]   neostore.labeltokenstore.db: 2016-02-19T15:13:26+0900 - 0.00 B
2016-02-19 06:13:50.110+0000 INFO  [o.n.k.i.DiagnosticsManager]   neostore.labeltokenstore.db.id: 2016-02-19T15:13:26+0900 - 9.00 B
2016-02-19 06:13:50.111+0000 INFO  [o.n.k.i.DiagnosticsManager]   neostore.labeltokenstore.db.names: 2016-02-19T15:13:26+0900 - 8.00 kB
2016-02-19 06:13:50.111+0000 INFO  [o.n.k.i.DiagnosticsManager]   neostore.labeltokenstore.db.names.id: 2016-02-19T15:13:26+0900 - 9.00 B
2016-02-19 06:13:50.112+0000 INFO  [o.n.k.i.DiagnosticsManager]   neostore.nodestore.db: 2016-02-19T15:13:25+0900 - 0.00 B
2016-02-19 06:13:50.112+0000 INFO  [o.n.k.i.DiagnosticsManager]   neostore.nodestore.db.id: 2016-02-19T15:13:25+0900 - 9.00 B
2016-02-19 06:13:50.113+0000 INFO  [o.n.k.i.DiagnosticsManager]   neostore.nodestore.db.labels: 2016-02-19T15:13:25+0900 - 8.00 kB
2016-02-19 06:13:50.113+0000 INFO  [o.n.k.i.DiagnosticsManager]   neostore.nodestore.db.labels.id: 2016-02-19T15:13:25+0900 - 9.00 B
2016-02-19 06:13:50.113+0000 INFO  [o.n.k.i.DiagnosticsManager]   neostore.propertystore.db: 2016-02-19T15:13:25+0900 - 0.00 B
2016-02-19 06:13:50.114+0000 INFO  [o.n.k.i.DiagnosticsManager]   neostore.propertystore.db.arrays: 2016-02-19T15:13:25+0900 - 8.00 kB
2016-02-19 06:13:50.114+0000 INFO  [o.n.k.i.DiagnosticsManager]   neostore.propertystore.db.arrays.id: 2016-02-19T15:13:25+0900 - 9.00 B
2016-02-19 06:13:50.115+0000 INFO  [o.n.k.i.DiagnosticsManager]   neostore.propertystore.db.id: 2016-02-19T15:13:25+0900 - 9.00 B
2016-02-19 06:13:50.115+0000 INFO  [o.n.k.i.DiagnosticsManager]   neostore.propertystore.db.index: 2016-02-19T15:13:25+0900 - 0.00 B
2016-02-19 06:13:50.116+0000 INFO  [o.n.k.i.DiagnosticsManager]   neostore.propertystore.db.index.id: 2016-02-19T15:13:25+0900 - 9.00 B
2016-02-19 06:13:50.116+0000 INFO  [o.n.k.i.DiagnosticsManager]   neostore.propertystore.db.index.keys: 2016-02-19T15:13:25+0900 - 8.00 kB
2016-02-19 06:13:50.116+0000 INFO  [o.n.k.i.DiagnosticsManager]   neostore.propertystore.db.index.keys.id: 2016-02-19T15:13:25+0900 - 9.00 B
2016-02-19 06:13:50.117+0000 INFO  [o.n.k.i.DiagnosticsManager]   neostore.propertystore.db.strings: 2016-02-19T15:13:25+0900 - 8.00 kB
2016-02-19 06:13:50.117+0000 INFO  [o.n.k.i.DiagnosticsManager]   neostore.propertystore.db.strings.id: 2016-02-19T15:13:25+0900 - 9.00 B
2016-02-19 06:13:50.118+0000 INFO  [o.n.k.i.DiagnosticsManager]   neostore.relationshipgroupstore.db: 2016-02-19T15:13:26+0900 - 8.00 kB
2016-02-19 06:13:50.118+0000 INFO  [o.n.k.i.DiagnosticsManager]   neostore.relationshipgroupstore.db.id: 2016-02-19T15:13:26+0900 - 9.00 B
2016-02-19 06:13:50.119+0000 INFO  [o.n.k.i.DiagnosticsManager]   neostore.relationshipstore.db: 2016-02-19T15:13:26+0900 - 0.00 B
2016-02-19 06:13:50.119+0000 INFO  [o.n.k.i.DiagnosticsManager]   neostore.relationshipstore.db.id: 2016-02-19T15:13:26+0900 - 9.00 B
2016-02-19 06:13:50.120+0000 INFO  [o.n.k.i.DiagnosticsManager]   neostore.relationshiptypestore.db: 2016-02-19T15:13:26+0900 - 0.00 B
2016-02-19 06:13:50.120+0000 INFO  [o.n.k.i.DiagnosticsManager]   neostore.relationshiptypestore.db.id: 2016-02-19T15:13:26+0900 - 9.00 B
2016-02-19 06:13:50.121+0000 INFO  [o.n.k.i.DiagnosticsManager]   neostore.relationshiptypestore.db.names: 2016-02-19T15:13:26+0900 - 8.00 kB
2016-02-19 06:13:50.121+0000 INFO  [o.n.k.i.DiagnosticsManager]   neostore.relationshiptypestore.db.names.id: 2016-02-19T15:13:26+0900 - 9.00 B
2016-02-19 06:13:50.121+0000 INFO  [o.n.k.i.DiagnosticsManager]   neostore.schemastore.db: 2016-02-19T15:13:26+0900 - 8.00 kB
2016-02-19 06:13:50.122+0000 INFO  [o.n.k.i.DiagnosticsManager]   neostore.schemastore.db.id: 2016-02-19T15:13:26+0900 - 9.00 B
2016-02-19 06:13:50.122+0000 INFO  [o.n.k.i.DiagnosticsManager]   neostore.transaction.db.0: 2016-02-19T15:13:27+0900 - 16.00 B
2016-02-19 06:13:50.123+0000 INFO  [o.n.k.i.DiagnosticsManager]   schema:
2016-02-19 06:13:50.123+0000 INFO  [o.n.k.i.DiagnosticsManager]     label:
2016-02-19 06:13:50.123+0000 INFO  [o.n.k.i.DiagnosticsManager]       lucene:
2016-02-19 06:13:50.124+0000 INFO  [o.n.k.i.DiagnosticsManager]         write.lock: 2016-02-19T15:13:27+0900 - 0.00 B
2016-02-19 06:13:50.124+0000 INFO  [o.n.k.i.DiagnosticsManager]       - Total: 2016-02-19T15:13:27+0900 - 0.00 B
2016-02-19 06:13:50.125+0000 INFO  [o.n.k.i.DiagnosticsManager]     - Total: 2016-02-19T15:13:27+0900 - 0.00 B
2016-02-19 06:13:50.125+0000 INFO  [o.n.k.i.DiagnosticsManager]   - Total: 2016-02-19T15:13:27+0900 - 0.00 B
2016-02-19 06:13:50.126+0000 INFO  [o.n.k.i.DiagnosticsManager]   store_lock: 2016-02-19T15:13:25+0900 - 0.00 B
2016-02-19 06:13:50.126+0000 INFO  [o.n.k.i.DiagnosticsManager] --- STARTED diagnostics for KernelDiagnostics:StoreFiles END ---
2016-02-19 06:13:51.316+0000 INFO  [o.n.k.i.DiagnosticsManager] --- SERVER STARTED START ---
2016-02-19 06:13:52.870+0000 INFO  [o.n.k.i.DiagnosticsManager] --- SERVER STARTED END ---
2016-02-19 06:45:24.415+0000 WARN  [o.n.k.i.c.MonitorGc] GC Monitor: Application threads blocked for 233ms.
2016-02-19 06:55:26.634+0000 INFO  [o.n.k.i.f.GraphDatabaseFacade] Shutdown started
2016-02-19 06:55:26.635+0000 INFO  [o.n.k.i.f.CommunityFacadeFactory] Database is now unavailable
2016-02-19 06:55:26.851+0000 INFO  [o.n.k.i.t.l.c.CheckPointerImpl] Check Pointing triggered by database shutdown [1]:  Starting check pointing...
2016-02-19 06:55:26.852+0000 INFO  [o.n.k.i.t.l.c.CheckPointerImpl] Check Pointing triggered by database shutdown [1]:  Starting store flush...
2016-02-19 06:55:27.006+0000 INFO  [o.n.k.i.t.l.c.CheckPointerImpl] Check Pointing triggered by database shutdown [1]:  Store flush completed
2016-02-19 06:55:27.006+0000 INFO  [o.n.k.i.t.l.c.CheckPointerImpl] Check Pointing triggered by database shutdown [1]:  Starting appending check point entry into the tx log...
2016-02-19 06:55:27.050+0000 INFO  [o.n.k.i.t.l.c.CheckPointerImpl] Check Pointing triggered by database shutdown [1]:  Appending check point entry into the tx log completed
2016-02-19 06:55:27.050+0000 INFO  [o.n.k.i.t.l.c.CheckPointerImpl] Check Pointing triggered by database shutdown [1]:  Check pointing completed
2016-02-19 06:55:27.051+0000 INFO  [o.n.k.i.t.l.p.LogPruningImpl] Log Rotation [0]:  Starting log pruning.
2016-02-19 06:55:27.051+0000 INFO  [o.n.k.i.t.l.p.LogPruningImpl] Log Rotation [0]:  Log pruning complete.
2016-02-19 06:55:27.982+0000 INFO  [o.n.k.NeoStoreDataSource] NeoStores closed
2016-02-19 06:55:27.984+0000 INFO  [o.n.k.i.DiagnosticsManager] --- STOPPING diagnostics START ---
2016-02-19 06:55:27.984+0000 INFO  [o.n.k.i.DiagnosticsManager] --- STOPPING diagnostics END ---
2016-02-19 06:55:30.684+0000 INFO  [o.n.k.i.f.CommunityFacadeFactory] No locking implementation specified, defaulting to 'community'
2016-02-19 06:55:30.686+0000 INFO  [o.n.k.AvailabilityGuard] Requirement makes database unavailable: Database available
2016-02-19 06:55:30.687+0000 INFO  [o.n.k.i.DiagnosticsManager] --- INITIALIZED diagnostics START ---
2016-02-19 06:55:30.687+0000 INFO  [o.n.k.i.DiagnosticsManager] Neo4j Kernel properties:
2016-02-19 06:55:30.687+0000 INFO  [o.n.k.i.DiagnosticsManager] org.neo4j.server.db.tuning.properties=C:\Users\i006766\workspace\lc201602\lc_graph\neo4j.properties
2016-02-19 06:55:30.687+0000 INFO  [o.n.k.i.DiagnosticsManager] org.neo4j.server.database.location=C:\Users\i006766\workspace\lc201602\lc_graph
2016-02-19 06:55:30.687+0000 INFO  [o.n.k.i.DiagnosticsManager] dbms.querylog.filename=data/log/queries.log
2016-02-19 06:55:30.687+0000 INFO  [o.n.k.i.DiagnosticsManager] dbms.security.auth_store.location=C:\Users\i006766\workspace\lc201602\lc_graph\.\dbms\auth
2016-02-19 06:55:30.687+0000 INFO  [o.n.k.i.DiagnosticsManager] dbms.security.tls_certificate_file=C:\Users\i006766\workspace\lc201602\lc_graph\.\dbms\ssl\snakeoil.cert
2016-02-19 06:55:30.687+0000 INFO  [o.n.k.i.DiagnosticsManager] remote_shell_enabled=true
2016-02-19 06:55:30.687+0000 INFO  [o.n.k.i.DiagnosticsManager] edition=Community
2016-02-19 06:55:30.687+0000 INFO  [o.n.k.i.DiagnosticsManager] dbms.security.tls_key_file=C:\Users\i006766\workspace\lc201602\lc_graph\.\dbms\ssl\snakeoil.key
2016-02-19 06:55:30.687+0000 INFO  [o.n.k.i.DiagnosticsManager] Diagnostics providers:
2016-02-19 06:55:30.687+0000 INFO  [o.n.k.i.DiagnosticsManager] org.neo4j.kernel.configuration.Config
2016-02-19 06:55:30.687+0000 INFO  [o.n.k.i.DiagnosticsManager] org.neo4j.kernel.info.DiagnosticsManager
2016-02-19 06:55:30.687+0000 INFO  [o.n.k.i.DiagnosticsManager] SYSTEM_MEMORY
2016-02-19 06:55:30.687+0000 INFO  [o.n.k.i.DiagnosticsManager] JAVA_MEMORY
2016-02-19 06:55:30.687+0000 INFO  [o.n.k.i.DiagnosticsManager] OPERATING_SYSTEM
2016-02-19 06:55:30.687+0000 INFO  [o.n.k.i.DiagnosticsManager] JAVA_VIRTUAL_MACHINE
2016-02-19 06:55:30.687+0000 INFO  [o.n.k.i.DiagnosticsManager] CLASSPATH
2016-02-19 06:55:30.687+0000 INFO  [o.n.k.i.DiagnosticsManager] LIBRARY_PATH
2016-02-19 06:55:30.688+0000 INFO  [o.n.k.i.DiagnosticsManager] SYSTEM_PROPERTIES
2016-02-19 06:55:30.688+0000 INFO  [o.n.k.i.DiagnosticsManager] NETWORK
2016-02-19 06:55:30.688+0000 INFO  [o.n.k.i.DiagnosticsManager] System memory information:
2016-02-19 06:55:30.688+0000 INFO  [o.n.k.i.DiagnosticsManager] Total Physical memory: 7.70 GB
2016-02-19 06:55:30.688+0000 INFO  [o.n.k.i.DiagnosticsManager] Free Physical memory: 1.37 GB
2016-02-19 06:55:30.688+0000 INFO  [o.n.k.i.DiagnosticsManager] Committed virtual memory: 538.66 MB
2016-02-19 06:55:30.688+0000 INFO  [o.n.k.i.DiagnosticsManager] Total swap space: 8.31 GB
2016-02-19 06:55:30.688+0000 INFO  [o.n.k.i.DiagnosticsManager] Free swap space: 1.59 GB
2016-02-19 06:55:30.688+0000 INFO  [o.n.k.i.DiagnosticsManager] JVM memory information:
2016-02-19 06:55:30.688+0000 INFO  [o.n.k.i.DiagnosticsManager] Free  memory: 205.29 MB
2016-02-19 06:55:30.688+0000 INFO  [o.n.k.i.DiagnosticsManager] Total memory: 295.00 MB
2016-02-19 06:55:30.688+0000 INFO  [o.n.k.i.DiagnosticsManager] Max   memory: 1.71 GB
2016-02-19 06:55:30.688+0000 INFO  [o.n.k.i.DiagnosticsManager] Garbage Collector: PS Scavenge: [PS Eden Space, PS Survivor Space]
2016-02-19 06:55:30.688+0000 INFO  [o.n.k.i.DiagnosticsManager] Garbage Collector: PS MarkSweep: [PS Eden Space, PS Survivor Space, PS Old Gen, PS Perm Gen]
2016-02-19 06:55:30.689+0000 INFO  [o.n.k.i.DiagnosticsManager] Memory Pool: Code Cache (Non-heap memory): committed=2.44 MB, used=2.03 MB, max=48.00 MB, threshold=0.00 B
2016-02-19 06:55:30.689+0000 INFO  [o.n.k.i.DiagnosticsManager] Memory Pool: PS Eden Space (Heap memory): committed=211.50 MB, used=30.31 MB, max=631.00 MB, threshold=?
2016-02-19 06:55:30.689+0000 INFO  [o.n.k.i.DiagnosticsManager] Memory Pool: PS Survivor Space (Heap memory): committed=1.50 MB, used=1.06 MB, max=1.50 MB, threshold=?
2016-02-19 06:55:30.690+0000 INFO  [o.n.k.i.DiagnosticsManager] Memory Pool: PS Old Gen (Heap memory): committed=82.00 MB, used=58.33 MB, max=1.28 GB, threshold=0.00 B
2016-02-19 06:55:30.690+0000 INFO  [o.n.k.i.DiagnosticsManager] Memory Pool: PS Perm Gen (Non-heap memory): committed=63.50 MB, used=56.00 MB, max=82.00 MB, threshold=0.00 B
2016-02-19 06:55:30.690+0000 INFO  [o.n.k.i.DiagnosticsManager] Operating system information:
2016-02-19 06:55:30.690+0000 INFO  [o.n.k.i.DiagnosticsManager] Operating System: Windows 8.1; version: 6.3; arch: amd64; cpus: 4
2016-02-19 06:55:30.691+0000 INFO  [o.n.k.i.DiagnosticsManager] Process id: 18988@TYON50853972A
2016-02-19 06:55:30.691+0000 INFO  [o.n.k.i.DiagnosticsManager] Byte order: LITTLE_ENDIAN
2016-02-19 06:55:30.691+0000 INFO  [o.n.k.i.DiagnosticsManager] Local timezone: Asia/Tokyo
2016-02-19 06:55:30.691+0000 INFO  [o.n.k.i.DiagnosticsManager] JVM information:
2016-02-19 06:55:30.691+0000 INFO  [o.n.k.i.DiagnosticsManager] VM Name: Java HotSpot(TM) 64-Bit Server VM
2016-02-19 06:55:30.691+0000 INFO  [o.n.k.i.DiagnosticsManager] VM Vendor: Oracle Corporation
2016-02-19 06:55:30.691+0000 INFO  [o.n.k.i.DiagnosticsManager] VM Version: 24.80-b11
2016-02-19 06:55:30.691+0000 INFO  [o.n.k.i.DiagnosticsManager] JIT compiler: HotSpot 64-Bit Tiered Compilers
2016-02-19 06:55:30.691+0000 INFO  [o.n.k.i.DiagnosticsManager] VM Arguments: [-Dexe4j.semaphoreName=Local\c:_program_files_neo4j_ce_2.3.2_bin_neo4j-ce.exe, -Dexe4j.isInstall4j=true, -Dexe4j.moduleName=C:\Program Files\Neo4j CE 2.3.2\bin\neo4j-ce.exe, -Dexe4j.tempDir=, -Dexe4j.unextractedPosition=0, -Djava.library.path=C:\WINDOWS\system32;C:\WINDOWS;C:\WINDOWS\System32\Wbem;C:\WINDOWS\System32\WindowsPowerShell\v1.0\;C:\Windows\CCM;C:\Program Files (x86)\OpenText\Viewer\bin;C:\Python34;C:\Python34\Scripts;C:\Python34\Lib\site-packages;C:\Program Files\Git\cmd;C:\Program Files\Git\mingw64\bin;C:\Program Files\Git\usr\bin;C:\Users\i006766\AppData\Local\Programs\Python\Python35\Scripts\;C:\Users\i006766\AppData\Local\Programs\Python\Python35\;c:\users\i006766\appdata\local\temp\e4jbac7.tmp_dir1455862256\jre\bin;c:\program files\neo4j ce 2.3.2\jre\bin, -Dexe4j.consoleCodepage=cp0, -Dinstall4j.launcherId=24, -Dinstall4j.swt=false]
2016-02-19 06:55:30.691+0000 INFO  [o.n.k.i.DiagnosticsManager] Java classpath:
2016-02-19 06:55:30.694+0000 INFO  [o.n.k.i.DiagnosticsManager]  [loader.1] file:/C:/Program%20Files/Neo4j%20CE%202.3.2/jre/lib/ext/access-bridge-64.jar
2016-02-19 06:55:30.694+0000 INFO  [o.n.k.i.DiagnosticsManager]  [loader.1] file:/C:/Program%20Files/Neo4j%20CE%202.3.2/jre/lib/ext/dns_sd.jar
2016-02-19 06:55:30.695+0000 INFO  [o.n.k.i.DiagnosticsManager]  [bootstrap] C:\Program Files\Neo4j CE 2.3.2\jre\lib\charsets.jar
2016-02-19 06:55:30.695+0000 INFO  [o.n.k.i.DiagnosticsManager]  [loader.1] file:/C:/Program%20Files/Neo4j%20CE%202.3.2/jre/lib/ext/jaccess.jar
2016-02-19 06:55:30.695+0000 INFO  [o.n.k.i.DiagnosticsManager]  [loader.1] file:/C:/Program%20Files/Neo4j%20CE%202.3.2/jre/lib/ext/sunmscapi.jar
2016-02-19 06:55:30.695+0000 INFO  [o.n.k.i.DiagnosticsManager]  [classpath] C:\Program Files\Neo4j CE 2.3.2\.install4j\i4jruntime.jar
2016-02-19 06:55:30.695+0000 INFO  [o.n.k.i.DiagnosticsManager]  [loader.1] file:/C:/Program%20Files/Neo4j%20CE%202.3.2/jre/lib/ext/sunjce_provider.jar
2016-02-19 06:55:30.695+0000 INFO  [o.n.k.i.DiagnosticsManager]  [bootstrap] C:\Program Files\Neo4j CE 2.3.2\jre\lib\resources.jar
2016-02-19 06:55:30.695+0000 INFO  [o.n.k.i.DiagnosticsManager]  [classpath] C:\Program Files\Neo4j CE 2.3.2\bin\neo4j-desktop-2.3.2.jar
2016-02-19 06:55:30.695+0000 INFO  [o.n.k.i.DiagnosticsManager]  [loader.0] file:/C:/Program%20Files/Neo4j%20CE%202.3.2/bin/
2016-02-19 06:55:30.695+0000 INFO  [o.n.k.i.DiagnosticsManager]  [bootstrap] C:\Program Files\Neo4j CE 2.3.2\jre\lib\jsse.jar
2016-02-19 06:55:30.695+0000 INFO  [o.n.k.i.DiagnosticsManager]  [bootstrap] C:\Program Files\Neo4j CE 2.3.2\jre\lib\rt.jar
2016-02-19 06:55:30.695+0000 INFO  [o.n.k.i.DiagnosticsManager]  [bootstrap] C:\Program Files\Neo4j CE 2.3.2\jre\lib\jce.jar
2016-02-19 06:55:30.695+0000 INFO  [o.n.k.i.DiagnosticsManager]  [loader.0] file:/C:/Program%20Files/Neo4j%20CE%202.3.2/bin/neo4j-desktop-2.3.2.jar
2016-02-19 06:55:30.695+0000 INFO  [o.n.k.i.DiagnosticsManager]  [loader.1] file:/C:/Program%20Files/Neo4j%20CE%202.3.2/jre/lib/ext/localedata.jar
2016-02-19 06:55:30.695+0000 INFO  [o.n.k.i.DiagnosticsManager]  [loader.0] file:/C:/Program%20Files/Neo4j%20CE%202.3.2/.install4j/i4jruntime.jar
2016-02-19 06:55:30.695+0000 INFO  [o.n.k.i.DiagnosticsManager]  [loader.1] file:/C:/Program%20Files/Neo4j%20CE%202.3.2/jre/lib/ext/zipfs.jar
2016-02-19 06:55:30.695+0000 INFO  [o.n.k.i.DiagnosticsManager]  [loader.1] file:/C:/Program%20Files/Neo4j%20CE%202.3.2/jre/lib/ext/sunec.jar
2016-02-19 06:55:30.695+0000 INFO  [o.n.k.i.DiagnosticsManager]  [bootstrap] C:\Program Files\Neo4j CE 2.3.2\jre\lib\jfr.jar
2016-02-19 06:55:30.695+0000 INFO  [o.n.k.i.DiagnosticsManager]  [loader.1] file:/C:/Program%20Files/Neo4j%20CE%202.3.2/jre/lib/ext/dnsns.jar
2016-02-19 06:55:30.695+0000 INFO  [o.n.k.i.DiagnosticsManager]  [bootstrap] C:\Program Files\Neo4j CE 2.3.2\jre\classes
2016-02-19 06:55:30.695+0000 INFO  [o.n.k.i.DiagnosticsManager]  [bootstrap] C:\Program Files\Neo4j CE 2.3.2\jre\lib\sunrsasign.jar
2016-02-19 06:55:30.695+0000 INFO  [o.n.k.i.DiagnosticsManager] Library path:
2016-02-19 06:55:30.696+0000 INFO  [o.n.k.i.DiagnosticsManager] C:\Windows\System32
2016-02-19 06:55:30.696+0000 INFO  [o.n.k.i.DiagnosticsManager] C:\Windows
2016-02-19 06:55:30.696+0000 INFO  [o.n.k.i.DiagnosticsManager] C:\Windows\System32\wbem
2016-02-19 06:55:30.696+0000 INFO  [o.n.k.i.DiagnosticsManager] C:\Windows\System32\WindowsPowerShell\v1.0
2016-02-19 06:55:30.697+0000 INFO  [o.n.k.i.DiagnosticsManager] C:\Windows\CCM
2016-02-19 06:55:30.697+0000 INFO  [o.n.k.i.DiagnosticsManager] C:\Program Files (x86)\OpenText\Viewer\bin
2016-02-19 06:55:30.697+0000 INFO  [o.n.k.i.DiagnosticsManager] C:\Python34
2016-02-19 06:55:30.698+0000 INFO  [o.n.k.i.DiagnosticsManager] C:\Python34\Scripts
2016-02-19 06:55:30.698+0000 INFO  [o.n.k.i.DiagnosticsManager] C:\Python34\Lib\site-packages
2016-02-19 06:55:30.698+0000 INFO  [o.n.k.i.DiagnosticsManager] C:\Program Files\Git\cmd
2016-02-19 06:55:30.699+0000 INFO  [o.n.k.i.DiagnosticsManager] C:\Program Files\Git\mingw64\bin
2016-02-19 06:55:30.699+0000 INFO  [o.n.k.i.DiagnosticsManager] C:\Program Files\Git\usr\bin
2016-02-19 06:55:30.700+0000 INFO  [o.n.k.i.DiagnosticsManager] C:\Users\i006766\AppData\Local\Programs\Python\Python35\Scripts
2016-02-19 06:55:30.700+0000 INFO  [o.n.k.i.DiagnosticsManager] C:\Users\i006766\AppData\Local\Programs\Python\Python35
2016-02-19 06:55:30.701+0000 INFO  [o.n.k.i.DiagnosticsManager] C:\Users\i006766\AppData\Local\Temp\e4jbac7.tmp_dir1455862256\jre\bin
2016-02-19 06:55:30.701+0000 INFO  [o.n.k.i.DiagnosticsManager] C:\Program Files\Neo4j CE 2.3.2\jre\bin
2016-02-19 06:55:30.701+0000 INFO  [o.n.k.i.DiagnosticsManager] System.properties:
2016-02-19 06:55:30.701+0000 INFO  [o.n.k.i.DiagnosticsManager] exe4j.moduleName = C:\Program Files\Neo4j CE 2.3.2\bin\neo4j-ce.exe
2016-02-19 06:55:30.701+0000 INFO  [o.n.k.i.DiagnosticsManager] exe4j.semaphoreName = Local\c:_program_files_neo4j_ce_2.3.2_bin_neo4j-ce.exe
2016-02-19 06:55:30.701+0000 INFO  [o.n.k.i.DiagnosticsManager] sun.boot.library.path = c:\program files\neo4j ce 2.3.2\jre\bin
2016-02-19 06:55:30.701+0000 INFO  [o.n.k.i.DiagnosticsManager] user.country.format = JP
2016-02-19 06:55:30.701+0000 INFO  [o.n.k.i.DiagnosticsManager] exe4j.consoleCodepage = cp0
2016-02-19 06:55:30.702+0000 INFO  [o.n.k.i.DiagnosticsManager] path.separator = ;
2016-02-19 06:55:30.702+0000 INFO  [o.n.k.i.DiagnosticsManager] file.encoding.pkg = sun.io
2016-02-19 06:55:30.702+0000 INFO  [o.n.k.i.DiagnosticsManager] user.country = US
2016-02-19 06:55:30.702+0000 INFO  [o.n.k.i.DiagnosticsManager] user.script = 
2016-02-19 06:55:30.702+0000 INFO  [o.n.k.i.DiagnosticsManager] sun.os.patch.level = 
2016-02-19 06:55:30.702+0000 INFO  [o.n.k.i.DiagnosticsManager] install4j.exeDir = C:\Program Files\Neo4j CE 2.3.2\bin\
2016-02-19 06:55:30.702+0000 INFO  [o.n.k.i.DiagnosticsManager] user.dir = C:\Program Files\Neo4j CE 2.3.2\bin
2016-02-19 06:55:30.702+0000 INFO  [o.n.k.i.DiagnosticsManager] neo4j.ext.udc.source = desktop
2016-02-19 06:55:30.702+0000 INFO  [o.n.k.i.DiagnosticsManager] user.variant = 
2016-02-19 06:55:30.702+0000 INFO  [o.n.k.i.DiagnosticsManager] exe4j.tempDir = 
2016-02-19 06:55:30.702+0000 INFO  [o.n.k.i.DiagnosticsManager] sun.jnu.encoding = MS932
2016-02-19 06:55:30.702+0000 INFO  [o.n.k.i.DiagnosticsManager] sun.awt.enableExtraMouseButtons = true
2016-02-19 06:55:30.702+0000 INFO  [o.n.k.i.DiagnosticsManager] install4j.launcherId = 24
2016-02-19 06:55:30.702+0000 INFO  [o.n.k.i.DiagnosticsManager] sun.management.compiler = HotSpot 64-Bit Tiered Compilers
2016-02-19 06:55:30.702+0000 INFO  [o.n.k.i.DiagnosticsManager] exe4j.isInstall4j = true
2016-02-19 06:55:30.702+0000 INFO  [o.n.k.i.DiagnosticsManager] install4j.swt = false
2016-02-19 06:55:30.702+0000 INFO  [o.n.k.i.DiagnosticsManager] user.home = C:\Users\i006766
2016-02-19 06:55:30.702+0000 INFO  [o.n.k.i.DiagnosticsManager] user.timezone = Asia/Tokyo
2016-02-19 06:55:30.702+0000 INFO  [o.n.k.i.DiagnosticsManager] file.encoding = MS932
2016-02-19 06:55:30.702+0000 INFO  [o.n.k.i.DiagnosticsManager] user.name = I006766
2016-02-19 06:55:30.702+0000 INFO  [o.n.k.i.DiagnosticsManager] sun.java.command = C:\Program Files\Neo4j CE 2.3.2\bin\neo4j-ce.exe
2016-02-19 06:55:30.702+0000 INFO  [o.n.k.i.DiagnosticsManager] sun.arch.data.model = 64
2016-02-19 06:55:30.702+0000 INFO  [o.n.k.i.DiagnosticsManager] exe4j.launchName = C:\PROGRA~1\NEO4JC~1.2\bin\neo4j-ce.exe
2016-02-19 06:55:30.702+0000 INFO  [o.n.k.i.DiagnosticsManager] user.language = en
2016-02-19 06:55:30.702+0000 INFO  [o.n.k.i.DiagnosticsManager] user.language.format = ja
2016-02-19 06:55:30.702+0000 INFO  [o.n.k.i.DiagnosticsManager] awt.toolkit = sun.awt.windows.WToolkit
2016-02-19 06:55:30.702+0000 INFO  [o.n.k.i.DiagnosticsManager] exe4j.unextractedPosition = 0
2016-02-19 06:55:30.702+0000 INFO  [o.n.k.i.DiagnosticsManager] install4j.appDir = C:\Program Files\Neo4j CE 2.3.2\
2016-02-19 06:55:30.703+0000 INFO  [o.n.k.i.DiagnosticsManager] file.separator = \
2016-02-19 06:55:30.703+0000 INFO  [o.n.k.i.DiagnosticsManager] sun.io.unicode.encoding = UnicodeLittle
2016-02-19 06:55:30.703+0000 INFO  [o.n.k.i.DiagnosticsManager] sun.cpu.endian = little
2016-02-19 06:55:30.703+0000 INFO  [o.n.k.i.DiagnosticsManager] sun.desktop = windows
2016-02-19 06:55:30.703+0000 INFO  [o.n.k.i.DiagnosticsManager] sun.cpu.isalist = amd64
2016-02-19 06:55:30.703+0000 INFO  [o.n.k.i.DiagnosticsManager] Network information:
2016-02-19 06:55:30.786+0000 INFO  [o.n.k.i.DiagnosticsManager] Interface Software Loopback Interface 1:
2016-02-19 06:55:30.786+0000 INFO  [o.n.k.i.DiagnosticsManager]     address: 127.0.0.1
2016-02-19 06:55:30.786+0000 INFO  [o.n.k.i.DiagnosticsManager]     address: 0:0:0:0:0:0:0:1
2016-02-19 06:55:30.786+0000 INFO  [o.n.k.i.DiagnosticsManager] Interface Microsoft Kernel Debug Network Adapter:
2016-02-19 06:55:30.786+0000 INFO  [o.n.k.i.DiagnosticsManager] Interface Intel(R) 82579LM Gigabit Network Connection:
2016-02-19 06:55:30.786+0000 INFO  [o.n.k.i.DiagnosticsManager]     address: fe80:0:0:0:2d47:7601:7e96:1de7%3
2016-02-19 06:55:30.786+0000 INFO  [o.n.k.i.DiagnosticsManager] Interface Intel(R) Centrino(R) Advanced-N 6205:
2016-02-19 06:55:30.786+0000 INFO  [o.n.k.i.DiagnosticsManager]     address: 192.168.8.100
2016-02-19 06:55:30.786+0000 INFO  [o.n.k.i.DiagnosticsManager]     address: fe80:0:0:0:e9fb:dd3d:4e24:a3d8%4
2016-02-19 06:55:30.786+0000 INFO  [o.n.k.i.DiagnosticsManager] Interface Microsoft Wi-Fi Direct Virtual Adapter:
2016-02-19 06:55:30.786+0000 INFO  [o.n.k.i.DiagnosticsManager]     address: fe80:0:0:0:65ba:35fc:c776:8e9%5
2016-02-19 06:55:30.786+0000 INFO  [o.n.k.i.DiagnosticsManager] Interface Microsoft ISATAP Adapter:
2016-02-19 06:55:30.786+0000 INFO  [o.n.k.i.DiagnosticsManager] Interface Microsoft ISATAP Adapter #2:
2016-02-19 06:55:30.786+0000 INFO  [o.n.k.i.DiagnosticsManager] Interface F5 Networks VPN Adapter:
2016-02-19 06:55:30.786+0000 INFO  [o.n.k.i.DiagnosticsManager] Interface WAN Miniport (SSTP):
2016-02-19 06:55:30.787+0000 INFO  [o.n.k.i.DiagnosticsManager] Interface WAN Miniport (PPTP):
2016-02-19 06:55:30.787+0000 INFO  [o.n.k.i.DiagnosticsManager] Interface WAN Miniport (IKEv2):
2016-02-19 06:55:30.787+0000 INFO  [o.n.k.i.DiagnosticsManager] Interface WAN Miniport (L2TP):
2016-02-19 06:55:30.787+0000 INFO  [o.n.k.i.DiagnosticsManager] Interface WAN Miniport (PPPOE):
2016-02-19 06:55:30.787+0000 INFO  [o.n.k.i.DiagnosticsManager] Interface WAN Miniport (IP):
2016-02-19 06:55:30.787+0000 INFO  [o.n.k.i.DiagnosticsManager] Interface WAN Miniport (IPv6):
2016-02-19 06:55:30.787+0000 INFO  [o.n.k.i.DiagnosticsManager] Interface WAN Miniport (Network Monitor):
2016-02-19 06:55:30.787+0000 INFO  [o.n.k.i.DiagnosticsManager] Interface RAS Async Adapter:
2016-02-19 06:55:30.787+0000 INFO  [o.n.k.i.DiagnosticsManager] Interface Bluetooth Device (RFCOMM Protocol TDI):
2016-02-19 06:55:30.787+0000 INFO  [o.n.k.i.DiagnosticsManager] Interface Bluetooth Device (Personal Area Network):
2016-02-19 06:55:30.787+0000 INFO  [o.n.k.i.DiagnosticsManager] Interface iphttpsinterface:
2016-02-19 06:55:30.787+0000 INFO  [o.n.k.i.DiagnosticsManager]     address: 2002:a991:c28a:1000:a5fa:7df:13ad:c2
2016-02-19 06:55:30.787+0000 INFO  [o.n.k.i.DiagnosticsManager]     address: 2002:a991:c28a:1000:9c37:2509:ec62:8bbc
2016-02-19 06:55:30.787+0000 INFO  [o.n.k.i.DiagnosticsManager]     address: fe80:0:0:0:a5fa:7df:13ad:c2%20
2016-02-19 06:55:30.788+0000 INFO  [o.n.k.i.DiagnosticsManager] Interface Microsoft ISATAP Adapter #3:
2016-02-19 06:55:30.788+0000 INFO  [o.n.k.i.DiagnosticsManager]     address: fe80:0:0:0:0:5efe:c0a8:864%21
2016-02-19 06:55:30.788+0000 INFO  [o.n.k.i.DiagnosticsManager] Interface Bluetooth Device (Personal Area Network) #2:
2016-02-19 06:55:30.788+0000 INFO  [o.n.k.i.DiagnosticsManager]     address: fe80:0:0:0:cd22:85b4:229a:12d%22
2016-02-19 06:55:30.788+0000 INFO  [o.n.k.i.DiagnosticsManager] Interface Bluetooth Device (RFCOMM Protocol TDI) #2:
2016-02-19 06:55:30.788+0000 INFO  [o.n.k.i.DiagnosticsManager] Interface Intel(R) 82579LM Gigabit Network Connection-WFP Native MAC Layer LightWeight Filter-0000:
2016-02-19 06:55:30.788+0000 INFO  [o.n.k.i.DiagnosticsManager] Interface Intel(R) 82579LM Gigabit Network Connection-QoS Packet Scheduler-0000:
2016-02-19 06:55:30.788+0000 INFO  [o.n.k.i.DiagnosticsManager] Interface Intel(R) 82579LM Gigabit Network Connection-McAfee NDIS Light-Weight Filter-0000:
2016-02-19 06:55:30.788+0000 INFO  [o.n.k.i.DiagnosticsManager] Interface Intel(R) 82579LM Gigabit Network Connection-WFP 802.3 MAC Layer LightWeight Filter-0000:
2016-02-19 06:55:30.788+0000 INFO  [o.n.k.i.DiagnosticsManager] Interface Intel(R) Centrino(R) Advanced-N 6205-WFP Native MAC Layer LightWeight Filter-0000:
2016-02-19 06:55:30.788+0000 INFO  [o.n.k.i.DiagnosticsManager] Interface Intel(R) Centrino(R) Advanced-N 6205-Virtual WiFi Filter Driver-0000:
2016-02-19 06:55:30.788+0000 INFO  [o.n.k.i.DiagnosticsManager] Interface Intel(R) Centrino(R) Advanced-N 6205-Native WiFi Filter Driver-0000:
2016-02-19 06:55:30.788+0000 INFO  [o.n.k.i.DiagnosticsManager] Interface Intel(R) Centrino(R) Advanced-N 6205-QoS Packet Scheduler-0000:
2016-02-19 06:55:30.788+0000 INFO  [o.n.k.i.DiagnosticsManager] Interface Intel(R) Centrino(R) Advanced-N 6205-McAfee NDIS Light-Weight Filter-0000:
2016-02-19 06:55:30.788+0000 INFO  [o.n.k.i.DiagnosticsManager] Interface Intel(R) Centrino(R) Advanced-N 6205-WFP 802.3 MAC Layer LightWeight Filter-0000:
2016-02-19 06:55:30.789+0000 INFO  [o.n.k.i.DiagnosticsManager] Interface Microsoft Wi-Fi Direct Virtual Adapter-WFP Native MAC Layer LightWeight Filter-0000:
2016-02-19 06:55:30.789+0000 INFO  [o.n.k.i.DiagnosticsManager] Interface Microsoft Wi-Fi Direct Virtual Adapter-Native WiFi Filter Driver-0000:
2016-02-19 06:55:30.789+0000 INFO  [o.n.k.i.DiagnosticsManager] Interface Microsoft Wi-Fi Direct Virtual Adapter-QoS Packet Scheduler-0000:
2016-02-19 06:55:30.789+0000 INFO  [o.n.k.i.DiagnosticsManager] Interface Microsoft Wi-Fi Direct Virtual Adapter-McAfee NDIS Light-Weight Filter-0000:
2016-02-19 06:55:30.789+0000 INFO  [o.n.k.i.DiagnosticsManager] Interface Microsoft Wi-Fi Direct Virtual Adapter-WFP 802.3 MAC Layer LightWeight Filter-0000:
2016-02-19 06:55:30.789+0000 INFO  [o.n.k.i.DiagnosticsManager] Interface WAN Miniport (IP)-WFP Native MAC Layer LightWeight Filter-0000:
2016-02-19 06:55:30.789+0000 INFO  [o.n.k.i.DiagnosticsManager] Interface WAN Miniport (IP)-QoS Packet Scheduler-0000:
2016-02-19 06:55:30.789+0000 INFO  [o.n.k.i.DiagnosticsManager] Interface WAN Miniport (IPv6)-WFP Native MAC Layer LightWeight Filter-0000:
2016-02-19 06:55:30.789+0000 INFO  [o.n.k.i.DiagnosticsManager] Interface WAN Miniport (IPv6)-QoS Packet Scheduler-0000:
2016-02-19 06:55:30.789+0000 INFO  [o.n.k.i.DiagnosticsManager] Interface WAN Miniport (Network Monitor)-WFP Native MAC Layer LightWeight Filter-0000:
2016-02-19 06:55:30.789+0000 INFO  [o.n.k.i.DiagnosticsManager] Interface WAN Miniport (Network Monitor)-QoS Packet Scheduler-0000:
2016-02-19 06:55:30.789+0000 INFO  [o.n.k.i.DiagnosticsManager] Interface Microsoft ISATAP Adapter #3-McAfee NDIS Light-Weight Filter-0000:
2016-02-19 06:55:30.789+0000 INFO  [o.n.k.i.DiagnosticsManager] Interface iphttpsinterface-McAfee NDIS Light-Weight Filter-0000:
2016-02-19 06:55:30.789+0000 INFO  [o.n.k.i.DiagnosticsManager] --- INITIALIZED diagnostics END ---
2016-02-19 06:55:31.483+0000 INFO  [o.n.k.KernelHealth] Kernel health set to OK
2016-02-19 06:55:31.498+0000 INFO  [o.n.k.AvailabilityGuard] Fulfilling of requirement makes database available: Database available
2016-02-19 06:55:31.498+0000 INFO  [o.n.k.i.f.CommunityFacadeFactory] Database is now ready
2016-02-19 06:55:31.498+0000 INFO  [o.n.k.i.DiagnosticsManager] --- STARTED diagnostics for KernelDiagnostics:Versions START ---
2016-02-19 06:55:31.499+0000 INFO  [o.n.k.i.DiagnosticsManager] Graph Database: Community StoreId{creationTime=1455862407057, randomId=3188989356517047407, storeVersion=15250506225055238, upgradeTime=1455862407057, upgradeId=1}
2016-02-19 06:55:31.499+0000 INFO  [o.n.k.i.DiagnosticsManager] Kernel version: 2.3.2
2016-02-19 06:55:31.499+0000 INFO  [o.n.k.i.DiagnosticsManager] --- STARTED diagnostics for KernelDiagnostics:Versions END ---
2016-02-19 06:55:31.499+0000 INFO  [o.n.k.i.DiagnosticsManager] --- STARTED diagnostics for NEO_STORE_VERSIONS START ---
2016-02-19 06:55:31.500+0000 INFO  [o.n.k.i.DiagnosticsManager] Store versions:
2016-02-19 06:55:31.500+0000 INFO  [o.n.k.i.DiagnosticsManager] Store versions:
2016-02-19 06:55:31.500+0000 INFO  [o.n.k.i.DiagnosticsManager] ArrayPropertyStore v0.A.6
2016-02-19 06:55:31.500+0000 INFO  [o.n.k.i.DiagnosticsManager] NodeStore v0.A.6
2016-02-19 06:55:31.500+0000 INFO  [o.n.k.i.DiagnosticsManager] StringPropertyStore v0.A.6
2016-02-19 06:55:31.500+0000 INFO  [o.n.k.i.DiagnosticsManager] PropertyIndexStore v0.A.6
2016-02-19 06:55:31.501+0000 INFO  [o.n.k.i.DiagnosticsManager] StringPropertyStore v0.A.6
2016-02-19 06:55:31.501+0000 INFO  [o.n.k.i.DiagnosticsManager] ArrayPropertyStore v0.A.6
2016-02-19 06:55:31.501+0000 INFO  [o.n.k.i.DiagnosticsManager] PropertyStore v0.A.6
2016-02-19 06:55:31.502+0000 INFO  [o.n.k.i.DiagnosticsManager] RelationshipStore v0.A.6
2016-02-19 06:55:31.502+0000 INFO  [o.n.k.i.DiagnosticsManager] StringPropertyStore v0.A.6
2016-02-19 06:55:31.502+0000 INFO  [o.n.k.i.DiagnosticsManager] RelationshipTypeStore v0.A.6
2016-02-19 06:55:31.502+0000 INFO  [o.n.k.i.DiagnosticsManager] StringPropertyStore v0.A.6
2016-02-19 06:55:31.503+0000 INFO  [o.n.k.i.DiagnosticsManager] LabelTokenStore v0.A.6
2016-02-19 06:55:31.503+0000 INFO  [o.n.k.i.DiagnosticsManager] SchemaStore v0.A.6
2016-02-19 06:55:31.503+0000 INFO  [o.n.k.i.DiagnosticsManager] RelationshipGroupStore v0.A.6
2016-02-19 06:55:31.503+0000 INFO  [o.n.k.i.DiagnosticsManager] NeoStore v0.A.6
2016-02-19 06:55:31.504+0000 INFO  [o.n.k.i.DiagnosticsManager] --- STARTED diagnostics for NEO_STORE_VERSIONS END ---
2016-02-19 06:55:31.504+0000 INFO  [o.n.k.i.DiagnosticsManager] --- STARTED diagnostics for NEO_STORE_ID_USAGE START ---
2016-02-19 06:55:31.504+0000 INFO  [o.n.k.i.DiagnosticsManager] Id usage:
2016-02-19 06:55:31.504+0000 INFO  [o.n.k.i.DiagnosticsManager] Id usage:
2016-02-19 06:55:31.505+0000 INFO  [o.n.k.i.DiagnosticsManager]   ArrayPropertyStore v0.A.6: used=1 high=0
2016-02-19 06:55:31.505+0000 INFO  [o.n.k.i.DiagnosticsManager]   NodeStore v0.A.6: used=0 high=-1
2016-02-19 06:55:31.505+0000 INFO  [o.n.k.i.DiagnosticsManager]   StringPropertyStore v0.A.6: used=1 high=0
2016-02-19 06:55:31.506+0000 INFO  [o.n.k.i.DiagnosticsManager]   PropertyIndexStore v0.A.6: used=0 high=-1
2016-02-19 06:55:31.506+0000 INFO  [o.n.k.i.DiagnosticsManager]   StringPropertyStore v0.A.6: used=1 high=0
2016-02-19 06:55:31.506+0000 INFO  [o.n.k.i.DiagnosticsManager]   ArrayPropertyStore v0.A.6: used=1 high=0
2016-02-19 06:55:31.506+0000 INFO  [o.n.k.i.DiagnosticsManager]   PropertyStore v0.A.6: used=0 high=-1
2016-02-19 06:55:31.507+0000 INFO  [o.n.k.i.DiagnosticsManager]   RelationshipStore v0.A.6: used=0 high=-1
2016-02-19 06:55:31.507+0000 INFO  [o.n.k.i.DiagnosticsManager]   StringPropertyStore v0.A.6: used=1 high=0
2016-02-19 06:55:31.507+0000 INFO  [o.n.k.i.DiagnosticsManager]   RelationshipTypeStore v0.A.6: used=0 high=-1
2016-02-19 06:55:31.508+0000 INFO  [o.n.k.i.DiagnosticsManager]   StringPropertyStore v0.A.6: used=1 high=0
2016-02-19 06:55:31.508+0000 INFO  [o.n.k.i.DiagnosticsManager]   LabelTokenStore v0.A.6: used=0 high=-1
2016-02-19 06:55:31.508+0000 INFO  [o.n.k.i.DiagnosticsManager]   SchemaStore v0.A.6: used=1 high=0
2016-02-19 06:55:31.509+0000 INFO  [o.n.k.i.DiagnosticsManager]   RelationshipGroupStore v0.A.6: used=1 high=0
2016-02-19 06:55:31.509+0000 INFO  [o.n.k.i.DiagnosticsManager]   NeoStore v0.A.6: used=13 high=12
2016-02-19 06:55:31.509+0000 INFO  [o.n.k.i.DiagnosticsManager] --- STARTED diagnostics for NEO_STORE_ID_USAGE END ---
2016-02-19 06:55:31.509+0000 INFO  [o.n.k.i.DiagnosticsManager] --- STARTED diagnostics for NEO_STORE_RECORDS START ---
2016-02-19 06:55:31.509+0000 INFO  [o.n.k.i.DiagnosticsManager] Neostore records:
2016-02-19 06:55:31.510+0000 INFO  [o.n.k.i.DiagnosticsManager] TIME (Creation time): 1455862407057
2016-02-19 06:55:31.510+0000 INFO  [o.n.k.i.DiagnosticsManager] RANDOM_NUMBER (Random number for store id): 3188989356517047407
2016-02-19 06:55:31.510+0000 INFO  [o.n.k.i.DiagnosticsManager] LOG_VERSION (Current log version): 0
2016-02-19 06:55:31.510+0000 INFO  [o.n.k.i.DiagnosticsManager] LAST_TRANSACTION_ID (Last committed transaction): 1
2016-02-19 06:55:31.510+0000 INFO  [o.n.k.i.DiagnosticsManager] STORE_VERSION (Store format version): 15250506225055238
2016-02-19 06:55:31.511+0000 INFO  [o.n.k.i.DiagnosticsManager] FIRST_GRAPH_PROPERTY (First property record containing graph properties): -1
2016-02-19 06:55:31.511+0000 INFO  [o.n.k.i.DiagnosticsManager] LAST_CONSTRAINT_TRANSACTION (Last committed transaction containing constraint changes): 0
2016-02-19 06:55:31.511+0000 INFO  [o.n.k.i.DiagnosticsManager] UPGRADE_TRANSACTION_ID (Transaction id most recent upgrade was performed at): 1
2016-02-19 06:55:31.511+0000 INFO  [o.n.k.i.DiagnosticsManager] UPGRADE_TIME (Time of last upgrade): 1455862407057
2016-02-19 06:55:31.511+0000 INFO  [o.n.k.i.DiagnosticsManager] LAST_TRANSACTION_CHECKSUM (Checksum of last committed transaction): 0
2016-02-19 06:55:31.512+0000 INFO  [o.n.k.i.DiagnosticsManager] UPGRADE_TRANSACTION_CHECKSUM (Checksum of transaction id the most recent upgrade was performed at): 0
2016-02-19 06:55:31.512+0000 INFO  [o.n.k.i.DiagnosticsManager] LAST_CLOSED_TRANSACTION_LOG_VERSION (Log version where the last transaction commit entry has been written into): 0
2016-02-19 06:55:31.512+0000 INFO  [o.n.k.i.DiagnosticsManager] LAST_CLOSED_TRANSACTION_LOG_BYTE_OFFSET (Byte offset in the log file where the last transaction commit entry has been written into): 16
2016-02-19 06:55:31.512+0000 INFO  [o.n.k.i.DiagnosticsManager] --- STARTED diagnostics for NEO_STORE_RECORDS END ---
2016-02-19 06:55:31.512+0000 INFO  [o.n.k.i.DiagnosticsManager] --- STARTED diagnostics for TRANSACTION_RANGE START ---
2016-02-19 06:55:31.513+0000 INFO  [o.n.k.i.DiagnosticsManager] Transaction log:
2016-02-19 06:55:31.514+0000 INFO  [o.n.k.i.DiagnosticsManager] Oldest transaction 2 found in log with version 0
2016-02-19 06:55:31.514+0000 INFO  [o.n.k.i.DiagnosticsManager] --- STARTED diagnostics for TRANSACTION_RANGE END ---
2016-02-19 06:55:31.514+0000 INFO  [o.n.k.i.DiagnosticsManager] --- STARTED diagnostics for KernelDiagnostics:StoreFiles START ---
2016-02-19 06:55:31.517+0000 INFO  [o.n.k.i.DiagnosticsManager] Disk space on partition (Total / Free / Free %): 239531454464 / 121936900096 / 50
Storage files: (filename : modification date - size)
2016-02-19 06:55:31.518+0000 INFO  [o.n.k.i.DiagnosticsManager]   dbms:
2016-02-19 06:55:31.518+0000 INFO  [o.n.k.i.DiagnosticsManager]     auth: 2016-02-19T15:17:23+0900 - 113.00 B
2016-02-19 06:55:31.519+0000 INFO  [o.n.k.i.DiagnosticsManager]     ssl:
2016-02-19 06:55:31.519+0000 INFO  [o.n.k.i.DiagnosticsManager]       snakeoil.cert: 2016-02-19T15:13:24+0900 - 630.00 B
2016-02-19 06:55:31.520+0000 INFO  [o.n.k.i.DiagnosticsManager]       snakeoil.key: 2016-02-19T15:13:24+0900 - 914.00 B
2016-02-19 06:55:31.520+0000 INFO  [o.n.k.i.DiagnosticsManager]     - Total: 2016-02-19T15:13:24+0900 - 1.51 kB
2016-02-19 06:55:31.521+0000 INFO  [o.n.k.i.DiagnosticsManager]   - Total: 2016-02-19T15:17:23+0900 - 1.62 kB
2016-02-19 06:55:31.521+0000 INFO  [o.n.k.i.DiagnosticsManager]   index:
2016-02-19 06:55:31.522+0000 INFO  [o.n.k.i.DiagnosticsManager]   - Total: 2016-02-19T15:13:27+0900 - 0.00 B
2016-02-19 06:55:31.522+0000 INFO  [o.n.k.i.DiagnosticsManager]   messages.log: 2016-02-19T15:55:28+0900 - 67.49 kB
2016-02-19 06:55:31.523+0000 INFO  [o.n.k.i.DiagnosticsManager]   neo4j.properties: 2016-02-19T15:13:23+0900 - 1.30 kB
2016-02-19 06:55:31.524+0000 INFO  [o.n.k.i.DiagnosticsManager]   neostore: 2016-02-19T15:13:27+0900 - 8.00 kB
2016-02-19 06:55:31.524+0000 INFO  [o.n.k.i.DiagnosticsManager]   neostore.counts.db.a: 2016-02-19T15:13:27+0900 - 96.00 B
2016-02-19 06:55:31.525+0000 INFO  [o.n.k.i.DiagnosticsManager]   neostore.id: 2016-02-19T15:55:31+0900 - 9.00 B
2016-02-19 06:55:31.525+0000 INFO  [o.n.k.i.DiagnosticsManager]   neostore.labeltokenstore.db: 2016-02-19T15:13:26+0900 - 0.00 B
2016-02-19 06:55:31.526+0000 INFO  [o.n.k.i.DiagnosticsManager]   neostore.labeltokenstore.db.id: 2016-02-19T15:55:31+0900 - 9.00 B
2016-02-19 06:55:31.527+0000 INFO  [o.n.k.i.DiagnosticsManager]   neostore.labeltokenstore.db.names: 2016-02-19T15:13:26+0900 - 8.00 kB
2016-02-19 06:55:31.527+0000 INFO  [o.n.k.i.DiagnosticsManager]   neostore.labeltokenstore.db.names.id: 2016-02-19T15:55:31+0900 - 9.00 B
2016-02-19 06:55:31.528+0000 INFO  [o.n.k.i.DiagnosticsManager]   neostore.nodestore.db: 2016-02-19T15:13:25+0900 - 0.00 B
2016-02-19 06:55:31.528+0000 INFO  [o.n.k.i.DiagnosticsManager]   neostore.nodestore.db.id: 2016-02-19T15:55:30+0900 - 9.00 B
2016-02-19 06:55:31.529+0000 INFO  [o.n.k.i.DiagnosticsManager]   neostore.nodestore.db.labels: 2016-02-19T15:13:25+0900 - 8.00 kB
2016-02-19 06:55:31.530+0000 INFO  [o.n.k.i.DiagnosticsManager]   neostore.nodestore.db.labels.id: 2016-02-19T15:55:30+0900 - 9.00 B
2016-02-19 06:55:31.531+0000 INFO  [o.n.k.i.DiagnosticsManager]   neostore.propertystore.db: 2016-02-19T15:13:25+0900 - 0.00 B
2016-02-19 06:55:31.532+0000 INFO  [o.n.k.i.DiagnosticsManager]   neostore.propertystore.db.arrays: 2016-02-19T15:13:25+0900 - 8.00 kB
2016-02-19 06:55:31.532+0000 INFO  [o.n.k.i.DiagnosticsManager]   neostore.propertystore.db.arrays.id: 2016-02-19T15:55:31+0900 - 9.00 B
2016-02-19 06:55:31.533+0000 INFO  [o.n.k.i.DiagnosticsManager]   neostore.propertystore.db.id: 2016-02-19T15:55:31+0900 - 9.00 B
2016-02-19 06:55:31.534+0000 INFO  [o.n.k.i.DiagnosticsManager]   neostore.propertystore.db.index: 2016-02-19T15:13:25+0900 - 0.00 B
2016-02-19 06:55:31.535+0000 INFO  [o.n.k.i.DiagnosticsManager]   neostore.propertystore.db.index.id: 2016-02-19T15:55:30+0900 - 9.00 B
2016-02-19 06:55:31.536+0000 INFO  [o.n.k.i.DiagnosticsManager]   neostore.propertystore.db.index.keys: 2016-02-19T15:13:25+0900 - 8.00 kB
2016-02-19 06:55:31.537+0000 INFO  [o.n.k.i.DiagnosticsManager]   neostore.propertystore.db.index.keys.id: 2016-02-19T15:55:30+0900 - 9.00 B
2016-02-19 06:55:31.538+0000 INFO  [o.n.k.i.DiagnosticsManager]   neostore.propertystore.db.strings: 2016-02-19T15:13:25+0900 - 8.00 kB
2016-02-19 06:55:31.538+0000 INFO  [o.n.k.i.DiagnosticsManager]   neostore.propertystore.db.strings.id: 2016-02-19T15:55:31+0900 - 9.00 B
2016-02-19 06:55:31.539+0000 INFO  [o.n.k.i.DiagnosticsManager]   neostore.relationshipgroupstore.db: 2016-02-19T15:13:26+0900 - 8.00 kB
2016-02-19 06:55:31.540+0000 INFO  [o.n.k.i.DiagnosticsManager]   neostore.relationshipgroupstore.db.id: 2016-02-19T15:55:31+0900 - 9.00 B
2016-02-19 06:55:31.541+0000 INFO  [o.n.k.i.DiagnosticsManager]   neostore.relationshipstore.db: 2016-02-19T15:13:26+0900 - 0.00 B
2016-02-19 06:55:31.541+0000 INFO  [o.n.k.i.DiagnosticsManager]   neostore.relationshipstore.db.id: 2016-02-19T15:55:31+0900 - 9.00 B
2016-02-19 06:55:31.542+0000 INFO  [o.n.k.i.DiagnosticsManager]   neostore.relationshiptypestore.db: 2016-02-19T15:13:26+0900 - 0.00 B
2016-02-19 06:55:31.542+0000 INFO  [o.n.k.i.DiagnosticsManager]   neostore.relationshiptypestore.db.id: 2016-02-19T15:55:31+0900 - 9.00 B
2016-02-19 06:55:31.543+0000 INFO  [o.n.k.i.DiagnosticsManager]   neostore.relationshiptypestore.db.names: 2016-02-19T15:13:26+0900 - 8.00 kB
2016-02-19 06:55:31.543+0000 INFO  [o.n.k.i.DiagnosticsManager]   neostore.relationshiptypestore.db.names.id: 2016-02-19T15:55:31+0900 - 9.00 B
2016-02-19 06:55:31.544+0000 INFO  [o.n.k.i.DiagnosticsManager]   neostore.schemastore.db: 2016-02-19T15:13:26+0900 - 8.00 kB
2016-02-19 06:55:31.544+0000 INFO  [o.n.k.i.DiagnosticsManager]   neostore.schemastore.db.id: 2016-02-19T15:55:31+0900 - 9.00 B
2016-02-19 06:55:31.545+0000 INFO  [o.n.k.i.DiagnosticsManager]   neostore.transaction.db.0: 2016-02-19T15:55:27+0900 - 34.00 B
2016-02-19 06:55:31.545+0000 INFO  [o.n.k.i.DiagnosticsManager]   schema:
2016-02-19 06:55:31.546+0000 INFO  [o.n.k.i.DiagnosticsManager]     label:
2016-02-19 06:55:31.547+0000 INFO  [o.n.k.i.DiagnosticsManager]       lucene:
2016-02-19 06:55:31.547+0000 INFO  [o.n.k.i.DiagnosticsManager]         segments.gen: 2016-02-19T15:55:26+0900 - 20.00 B
2016-02-19 06:55:31.548+0000 INFO  [o.n.k.i.DiagnosticsManager]         segments_1: 2016-02-19T15:55:26+0900 - 32.00 B
2016-02-19 06:55:31.549+0000 INFO  [o.n.k.i.DiagnosticsManager]         write.lock: 2016-02-19T15:55:31+0900 - 0.00 B
2016-02-19 06:55:31.549+0000 INFO  [o.n.k.i.DiagnosticsManager]       - Total: 2016-02-19T15:55:31+0900 - 52.00 B
2016-02-19 06:55:31.550+0000 INFO  [o.n.k.i.DiagnosticsManager]     - Total: 2016-02-19T15:13:27+0900 - 52.00 B
2016-02-19 06:55:31.550+0000 INFO  [o.n.k.i.DiagnosticsManager]   - Total: 2016-02-19T15:13:27+0900 - 52.00 B
2016-02-19 06:55:31.551+0000 INFO  [o.n.k.i.DiagnosticsManager]   store_lock: 2016-02-19T15:13:25+0900 - 0.00 B
2016-02-19 06:55:31.551+0000 INFO  [o.n.k.i.DiagnosticsManager] --- STARTED diagnostics for KernelDiagnostics:StoreFiles END ---
2016-02-19 06:55:31.597+0000 INFO  [o.n.k.i.DiagnosticsManager] --- SERVER STARTED START ---
2016-02-19 06:55:32.400+0000 INFO  [o.n.k.i.DiagnosticsManager] --- SERVER STARTED END ---
2016-02-19 06:56:51.944+0000 WARN  [o.n.k.i.c.MonitorGc] GC Monitor: Application threads blocked for 260ms.
2016-02-19 07:00:31.509+0000 INFO  [o.n.k.i.t.l.c.CheckPointerImpl] Check Pointing triggered by scheduler for time threshold [572]:  Starting check pointing...
2016-02-19 07:00:31.510+0000 INFO  [o.n.k.i.t.l.c.CheckPointerImpl] Check Pointing triggered by scheduler for time threshold [572]:  Starting store flush...
2016-02-19 07:00:31.633+0000 INFO  [o.n.k.i.s.c.CountsTracker] About to rotate counts store at transaction 572 to [C:\Users\i006766\workspace\lc201602\lc_graph\neostore.counts.db.b], from [C:\Users\i006766\workspace\lc201602\lc_graph\neostore.counts.db.a].
2016-02-19 07:00:31.646+0000 INFO  [o.n.k.i.s.c.CountsTracker] Successfully rotated counts store at transaction 572 to [C:\Users\i006766\workspace\lc201602\lc_graph\neostore.counts.db.b], from [C:\Users\i006766\workspace\lc201602\lc_graph\neostore.counts.db.a].
2016-02-19 07:00:31.966+0000 INFO  [o.n.k.i.t.l.c.CheckPointerImpl] Check Pointing triggered by scheduler for time threshold [572]:  Store flush completed
2016-02-19 07:00:31.966+0000 INFO  [o.n.k.i.t.l.c.CheckPointerImpl] Check Pointing triggered by scheduler for time threshold [572]:  Starting appending check point entry into the tx log...
2016-02-19 07:00:31.977+0000 INFO  [o.n.k.i.t.l.c.CheckPointerImpl] Check Pointing triggered by scheduler for time threshold [572]:  Appending check point entry into the tx log completed
2016-02-19 07:00:31.977+0000 INFO  [o.n.k.i.t.l.c.CheckPointerImpl] Check Pointing triggered by scheduler for time threshold [572]:  Check pointing completed
2016-02-19 07:00:31.977+0000 INFO  [o.n.k.i.t.l.p.LogPruningImpl] Log Rotation [0]:  Starting log pruning.
2016-02-19 07:00:31.977+0000 INFO  [o.n.k.i.t.l.p.LogPruningImpl] Log Rotation [0]:  Log pruning complete.
2016-02-19 07:42:12.142+0000 INFO  [o.n.k.i.t.l.c.CheckPointerImpl] Check Pointing triggered by scheduler for time threshold [703]:  Starting check pointing...
2016-02-19 07:42:12.142+0000 INFO  [o.n.k.i.t.l.c.CheckPointerImpl] Check Pointing triggered by scheduler for time threshold [703]:  Starting store flush...
2016-02-19 07:42:12.410+0000 INFO  [o.n.k.i.s.c.CountsTracker] About to rotate counts store at transaction 707 to [C:\Users\i006766\workspace\lc201602\lc_graph\neostore.counts.db.a], from [C:\Users\i006766\workspace\lc201602\lc_graph\neostore.counts.db.b].
2016-02-19 07:42:12.427+0000 INFO  [o.n.k.i.s.c.CountsTracker] Successfully rotated counts store at transaction 707 to [C:\Users\i006766\workspace\lc201602\lc_graph\neostore.counts.db.a], from [C:\Users\i006766\workspace\lc201602\lc_graph\neostore.counts.db.b].
2016-02-19 07:42:12.741+0000 INFO  [o.n.k.i.t.l.c.CheckPointerImpl] Check Pointing triggered by scheduler for time threshold [703]:  Store flush completed
2016-02-19 07:42:12.742+0000 INFO  [o.n.k.i.t.l.c.CheckPointerImpl] Check Pointing triggered by scheduler for time threshold [703]:  Starting appending check point entry into the tx log...
2016-02-19 07:42:12.765+0000 INFO  [o.n.k.i.t.l.c.CheckPointerImpl] Check Pointing triggered by scheduler for time threshold [703]:  Appending check point entry into the tx log completed
2016-02-19 07:42:12.765+0000 INFO  [o.n.k.i.t.l.c.CheckPointerImpl] Check Pointing triggered by scheduler for time threshold [703]:  Check pointing completed
2016-02-19 07:42:12.765+0000 INFO  [o.n.k.i.t.l.p.LogPruningImpl] Log Rotation [0]:  Starting log pruning.
2016-02-19 07:42:12.766+0000 INFO  [o.n.k.i.t.l.p.LogPruningImpl] Log Rotation [0]:  Log pruning complete.
2016-02-19 07:42:42.803+0000 INFO  [o.n.c.i.CypherCompiler] Discarded stale query from the query cache: Query(None,SingleQuery(List(Match(false,Pattern(List(EveryPath(RelationshipChain(NodePattern(Some(Identifier(a)),List(),None,true),RelationshipPattern(Some(Identifier(r)),false,List(),None,None,BOTH),NodePattern(Some(Identifier(b)),List(),None,true))))),List(),Some(Where(And(In(FunctionInvocation(FunctionName(id),false,Vector(Identifier(a))),Collection(List(Parameter(  AUTOINT0), Parameter(  AUTOINT1), Parameter(  AUTOINT2), Parameter(  AUTOINT3), Parameter(  AUTOINT4), Parameter(  AUTOINT5), Parameter(  AUTOINT6), Parameter(  AUTOINT7), Parameter(  AUTOINT8), Parameter(  AUTOINT9), Parameter(  AUTOINT10), Parameter(  AUTOINT11), Parameter(  AUTOINT12), Parameter(  AUTOINT13), Parameter(  AUTOINT14), Parameter(  AUTOINT15), Parameter(  AUTOINT16), Parameter(  AUTOINT17), Parameter(  AUTOINT18), Parameter(  AUTOINT19), Parameter(  AUTOINT20), Parameter(  AUTOINT21), Parameter(  AUTOINT22), Parameter(  AUTOINT23), Parameter(  AUTOINT24)))),In(FunctionInvocation(FunctionName(id),false,Vector(Identifier(b))),Collection(List(Parameter(  AUTOINT25), Parameter(  AUTOINT26), Parameter(  AUTOINT27), Parameter(  AUTOINT28), Parameter(  AUTOINT29), Parameter(  AUTOINT30), Parameter(  AUTOINT31), Parameter(  AUTOINT32), Parameter(  AUTOINT33), Parameter(  AUTOINT34), Parameter(  AUTOINT35), Parameter(  AUTOINT36), Parameter(  AUTOINT37), Parameter(  AUTOINT38), Parameter(  AUTOINT39), Parameter(  AUTOINT40), Parameter(  AUTOINT41), Parameter(  AUTOINT42), Parameter(  AUTOINT43), Parameter(  AUTOINT44), Parameter(  AUTOINT45), Parameter(  AUTOINT46), Parameter(  AUTOINT47), Parameter(  AUTOINT48), Parameter(  AUTOINT49)))))))), Return(false,ReturnItems(false,List(AliasedReturnItem(Identifier(r),Identifier(r)))),None,None,None))))
2016-02-19 07:43:09.779+0000 INFO  [o.n.c.i.ServerExecutionEngine] Discarded stale query from the query cache: CYPHER 2.3 MATCH a -[r]- b WHERE id(a) IN[0,1,2,3,4,5,6,7,8,9,10,11,12,13,14,15,16,17,18,19,20,21,22,23,24]
AND id(b) IN[0,1,2,3,4,5,6,7,8,9,10,11,12,13,14,15,16,17,18,19,20,21,22,23,24]
RETURN r;
2016-02-19 07:45:40.075+0000 INFO  [o.n.c.i.ServerExecutionEngine] Discarded stale query from the query cache: CYPHER 2.3 MATCH (n:Word) RETURN n LIMIT 25
2016-02-19 07:45:40.077+0000 INFO  [o.n.c.i.CypherCompiler] Discarded stale query from the query cache: Query(None,SingleQuery(List(Match(false,Pattern(List(EveryPath(NodePattern(Some(Identifier(n)),List(),None,false)))),List(),Some(Where(HasLabels(Identifier(n),List(LabelName(Word)))))), Return(false,ReturnItems(false,List(AliasedReturnItem(Identifier(n),Identifier(n)))),None,None,Some(Limit(SignedDecimalIntegerLiteral(25)))))))
2016-02-19 07:45:40.158+0000 INFO  [o.n.c.i.ServerExecutionEngine] Discarded stale query from the query cache: CYPHER 2.3 MATCH a -[r]- b WHERE id(a) IN[569,570,571,572,573,574,575,576,577,578,579,580,581,582,583,584,585,586,587,588,589,590,591,592,593]
AND id(b) IN[569,570,571,572,573,574,575,576,577,578,579,580,581,582,583,584,585,586,587,588,589,590,591,592,593]
RETURN r;
2016-02-19 07:45:40.159+0000 INFO  [o.n.c.i.CypherCompiler] Discarded stale query from the query cache: Query(None,SingleQuery(List(Match(false,Pattern(List(EveryPath(RelationshipChain(NodePattern(Some(Identifier(a)),List(),None,true),RelationshipPattern(Some(Identifier(r)),false,List(),None,None,BOTH),NodePattern(Some(Identifier(b)),List(),None,true))))),List(),Some(Where(And(In(FunctionInvocation(FunctionName(id),false,Vector(Identifier(a))),Collection(List(Parameter(  AUTOINT0), Parameter(  AUTOINT1), Parameter(  AUTOINT2), Parameter(  AUTOINT3), Parameter(  AUTOINT4), Parameter(  AUTOINT5), Parameter(  AUTOINT6), Parameter(  AUTOINT7), Parameter(  AUTOINT8), Parameter(  AUTOINT9), Parameter(  AUTOINT10), Parameter(  AUTOINT11), Parameter(  AUTOINT12), Parameter(  AUTOINT13), Parameter(  AUTOINT14), Parameter(  AUTOINT15), Parameter(  AUTOINT16), Parameter(  AUTOINT17), Parameter(  AUTOINT18), Parameter(  AUTOINT19), Parameter(  AUTOINT20), Parameter(  AUTOINT21), Parameter(  AUTOINT22), Parameter(  AUTOINT23), Parameter(  AUTOINT24)))),In(FunctionInvocation(FunctionName(id),false,Vector(Identifier(b))),Collection(List(Parameter(  AUTOINT25), Parameter(  AUTOINT26), Parameter(  AUTOINT27), Parameter(  AUTOINT28), Parameter(  AUTOINT29), Parameter(  AUTOINT30), Parameter(  AUTOINT31), Parameter(  AUTOINT32), Parameter(  AUTOINT33), Parameter(  AUTOINT34), Parameter(  AUTOINT35), Parameter(  AUTOINT36), Parameter(  AUTOINT37), Parameter(  AUTOINT38), Parameter(  AUTOINT39), Parameter(  AUTOINT40), Parameter(  AUTOINT41), Parameter(  AUTOINT42), Parameter(  AUTOINT43), Parameter(  AUTOINT44), Parameter(  AUTOINT45), Parameter(  AUTOINT46), Parameter(  AUTOINT47), Parameter(  AUTOINT48), Parameter(  AUTOINT49)))))))), Return(false,ReturnItems(false,List(AliasedReturnItem(Identifier(r),Identifier(r)))),None,None,None))))
2016-02-19 07:47:12.816+0000 INFO  [o.n.k.i.t.l.c.CheckPointerImpl] Check Pointing triggered by scheduler for time threshold [5177]:  Starting check pointing...
2016-02-19 07:47:12.816+0000 INFO  [o.n.k.i.t.l.c.CheckPointerImpl] Check Pointing triggered by scheduler for time threshold [5177]:  Starting store flush...
2016-02-19 07:47:12.883+0000 INFO  [o.n.k.i.s.c.CountsTracker] About to rotate counts store at transaction 5177 to [C:\Users\i006766\workspace\lc201602\lc_graph\neostore.counts.db.b], from [C:\Users\i006766\workspace\lc201602\lc_graph\neostore.counts.db.a].
2016-02-19 07:47:12.896+0000 INFO  [o.n.k.i.s.c.CountsTracker] Successfully rotated counts store at transaction 5177 to [C:\Users\i006766\workspace\lc201602\lc_graph\neostore.counts.db.b], from [C:\Users\i006766\workspace\lc201602\lc_graph\neostore.counts.db.a].
2016-02-19 07:47:13.072+0000 INFO  [o.n.k.i.t.l.c.CheckPointerImpl] Check Pointing triggered by scheduler for time threshold [5177]:  Store flush completed
2016-02-19 07:47:13.072+0000 INFO  [o.n.k.i.t.l.c.CheckPointerImpl] Check Pointing triggered by scheduler for time threshold [5177]:  Starting appending check point entry into the tx log...
2016-02-19 07:47:13.085+0000 INFO  [o.n.k.i.t.l.c.CheckPointerImpl] Check Pointing triggered by scheduler for time threshold [5177]:  Appending check point entry into the tx log completed
2016-02-19 07:47:13.085+0000 INFO  [o.n.k.i.t.l.c.CheckPointerImpl] Check Pointing triggered by scheduler for time threshold [5177]:  Check pointing completed
2016-02-19 07:47:13.085+0000 INFO  [o.n.k.i.t.l.p.LogPruningImpl] Log Rotation [0]:  Starting log pruning.
2016-02-19 07:47:13.086+0000 INFO  [o.n.k.i.t.l.p.LogPruningImpl] Log Rotation [0]:  Log pruning complete.
2016-02-19 07:56:52.248+0000 WARN  [o.n.k.i.c.MonitorGc] GC Monitor: Application threads blocked for 276ms.
2016-02-19 08:07:15.705+0000 INFO  [o.n.c.i.ServerExecutionEngine] Discarded stale query from the query cache: CYPHER 2.3 MATCH (n) RETURN n LIMIT 25
2016-02-19 08:07:15.706+0000 INFO  [o.n.c.i.CypherCompiler] Discarded stale query from the query cache: Query(None,SingleQuery(List(Match(false,Pattern(List(EveryPath(NodePattern(Some(Identifier(n)),List(),None,false)))),List(),None), Return(false,ReturnItems(false,List(AliasedReturnItem(Identifier(n),Identifier(n)))),None,None,Some(Limit(SignedDecimalIntegerLiteral(25)))))))
2016-02-19 08:07:15.796+0000 INFO  [o.n.c.i.ServerExecutionEngine] Discarded stale query from the query cache: CYPHER 2.3 MATCH a -[r]- b WHERE id(a) IN[0,1,2,3,4,5,6,7,8,9,10,11,12,13,14,15,16,17,18,19,20,21,22,23,24]
AND id(b) IN[0,1,2,3,4,5,6,7,8,9,10,11,12,13,14,15,16,17,18,19,20,21,22,23,24]
RETURN r;
2016-02-19 08:10:41.568+0000 INFO  [o.n.c.i.ServerExecutionEngine] Discarded stale query from the query cache: CYPHER 2.3 MATCH (n:Sentence) RETURN n LIMIT 25
2016-02-19 08:10:41.569+0000 INFO  [o.n.c.i.CypherCompiler] Discarded stale query from the query cache: Query(None,SingleQuery(List(Match(false,Pattern(List(EveryPath(NodePattern(Some(Identifier(n)),List(),None,false)))),List(),Some(Where(HasLabels(Identifier(n),List(LabelName(Sentence)))))), Return(false,ReturnItems(false,List(AliasedReturnItem(Identifier(n),Identifier(n)))),None,None,Some(Limit(SignedDecimalIntegerLiteral(25)))))))
2016-02-19 08:56:52.532+0000 WARN  [o.n.k.i.c.MonitorGc] GC Monitor: Application threads blocked for 364ms.
2016-02-19 09:22:40.695+0000 INFO  [o.n.k.i.a.i.IndexPopulationJob] Index population started: [:category(keyword) [provider: {key=lucene, version=1.0}]]
2016-02-19 09:22:40.826+0000 INFO  [o.n.k.i.a.KernelSchemaStateStore] Schema state store has been cleared.
2016-02-19 09:22:40.840+0000 INFO  [o.n.k.i.a.i.IndexPopulationJob] Index population completed. Index is now online: [:category(keyword) [provider: {key=lucene, version=1.0}]]
2016-02-19 09:22:40.850+0000 INFO  [o.n.k.i.a.KernelSchemaStateStore] Schema state store has been cleared.
2016-02-19 09:22:43.336+0000 INFO  [o.n.k.i.t.l.c.CheckPointerImpl] Check Pointing triggered by scheduler for time threshold [5208]:  Starting check pointing...
2016-02-19 09:22:43.336+0000 INFO  [o.n.k.i.t.l.c.CheckPointerImpl] Check Pointing triggered by scheduler for time threshold [5208]:  Starting store flush...
2016-02-19 09:22:43.570+0000 INFO  [o.n.k.i.s.c.CountsTracker] About to rotate counts store at transaction 5211 to [C:\Users\i006766\workspace\lc201602\lc_graph\neostore.counts.db.a], from [C:\Users\i006766\workspace\lc201602\lc_graph\neostore.counts.db.b].
2016-02-19 09:22:43.589+0000 INFO  [o.n.k.i.s.c.CountsTracker] Successfully rotated counts store at transaction 5211 to [C:\Users\i006766\workspace\lc201602\lc_graph\neostore.counts.db.a], from [C:\Users\i006766\workspace\lc201602\lc_graph\neostore.counts.db.b].
2016-02-19 09:22:43.876+0000 INFO  [o.n.k.i.t.l.c.CheckPointerImpl] Check Pointing triggered by scheduler for time threshold [5208]:  Store flush completed
2016-02-19 09:22:43.877+0000 INFO  [o.n.k.i.t.l.c.CheckPointerImpl] Check Pointing triggered by scheduler for time threshold [5208]:  Starting appending check point entry into the tx log...
2016-02-19 09:22:43.888+0000 INFO  [o.n.k.i.t.l.c.CheckPointerImpl] Check Pointing triggered by scheduler for time threshold [5208]:  Appending check point entry into the tx log completed
2016-02-19 09:22:43.888+0000 INFO  [o.n.k.i.t.l.c.CheckPointerImpl] Check Pointing triggered by scheduler for time threshold [5208]:  Check pointing completed
2016-02-19 09:22:43.888+0000 INFO  [o.n.k.i.t.l.p.LogPruningImpl] Log Rotation [0]:  Starting log pruning.
2016-02-19 09:22:43.889+0000 INFO  [o.n.k.i.t.l.p.LogPruningImpl] Log Rotation [0]:  Log pruning complete.
2016-02-19 09:27:43.907+0000 INFO  [o.n.k.i.t.l.c.CheckPointerImpl] Check Pointing triggered by scheduler for time threshold [6154]:  Starting check pointing...
2016-02-19 09:27:43.908+0000 INFO  [o.n.k.i.t.l.c.CheckPointerImpl] Check Pointing triggered by scheduler for time threshold [6154]:  Starting store flush...
2016-02-19 09:27:43.981+0000 INFO  [o.n.k.i.s.c.CountsTracker] About to rotate counts store at transaction 6154 to [C:\Users\i006766\workspace\lc201602\lc_graph\neostore.counts.db.b], from [C:\Users\i006766\workspace\lc201602\lc_graph\neostore.counts.db.a].
2016-02-19 09:27:43.997+0000 INFO  [o.n.k.i.s.c.CountsTracker] Successfully rotated counts store at transaction 6154 to [C:\Users\i006766\workspace\lc201602\lc_graph\neostore.counts.db.b], from [C:\Users\i006766\workspace\lc201602\lc_graph\neostore.counts.db.a].
2016-02-19 09:27:44.178+0000 INFO  [o.n.k.i.t.l.c.CheckPointerImpl] Check Pointing triggered by scheduler for time threshold [6154]:  Store flush completed
2016-02-19 09:27:44.179+0000 INFO  [o.n.k.i.t.l.c.CheckPointerImpl] Check Pointing triggered by scheduler for time threshold [6154]:  Starting appending check point entry into the tx log...
2016-02-19 09:27:44.193+0000 INFO  [o.n.k.i.t.l.c.CheckPointerImpl] Check Pointing triggered by scheduler for time threshold [6154]:  Appending check point entry into the tx log completed
2016-02-19 09:27:44.194+0000 INFO  [o.n.k.i.t.l.c.CheckPointerImpl] Check Pointing triggered by scheduler for time threshold [6154]:  Check pointing completed
2016-02-19 09:27:44.194+0000 INFO  [o.n.k.i.t.l.p.LogPruningImpl] Log Rotation [0]:  Starting log pruning.
2016-02-19 09:27:44.195+0000 INFO  [o.n.k.i.t.l.p.LogPruningImpl] Log Rotation [0]:  Log pruning complete.
2016-02-19 09:32:18.429+0000 INFO  [o.n.c.i.CypherCompiler] Discarded stale query from the query cache: Query(None,SingleQuery(List(Match(false,Pattern(List(EveryPath(RelationshipChain(NodePattern(Some(Identifier(a)),List(),None,true),RelationshipPattern(Some(Identifier(r)),false,List(),None,None,BOTH),NodePattern(Some(Identifier(b)),List(),None,true))))),List(),Some(Where(And(In(FunctionInvocation(FunctionName(id),false,Vector(Identifier(a))),Collection(List(Parameter(  AUTOINT0), Parameter(  AUTOINT1), Parameter(  AUTOINT2), Parameter(  AUTOINT3), Parameter(  AUTOINT4), Parameter(  AUTOINT5), Parameter(  AUTOINT6), Parameter(  AUTOINT7), Parameter(  AUTOINT8), Parameter(  AUTOINT9), Parameter(  AUTOINT10), Parameter(  AUTOINT11), Parameter(  AUTOINT12), Parameter(  AUTOINT13), Parameter(  AUTOINT14), Parameter(  AUTOINT15), Parameter(  AUTOINT16), Parameter(  AUTOINT17), Parameter(  AUTOINT18), Parameter(  AUTOINT19), Parameter(  AUTOINT20), Parameter(  AUTOINT21), Parameter(  AUTOINT22), Parameter(  AUTOINT23), Parameter(  AUTOINT24)))),In(FunctionInvocation(FunctionName(id),false,Vector(Identifier(b))),Collection(List(Parameter(  AUTOINT25), Parameter(  AUTOINT26), Parameter(  AUTOINT27), Parameter(  AUTOINT28), Parameter(  AUTOINT29), Parameter(  AUTOINT30), Parameter(  AUTOINT31), Parameter(  AUTOINT32), Parameter(  AUTOINT33), Parameter(  AUTOINT34), Parameter(  AUTOINT35), Parameter(  AUTOINT36), Parameter(  AUTOINT37), Parameter(  AUTOINT38), Parameter(  AUTOINT39), Parameter(  AUTOINT40), Parameter(  AUTOINT41), Parameter(  AUTOINT42), Parameter(  AUTOINT43), Parameter(  AUTOINT44), Parameter(  AUTOINT45), Parameter(  AUTOINT46), Parameter(  AUTOINT47), Parameter(  AUTOINT48), Parameter(  AUTOINT49)))))))), Return(false,ReturnItems(false,List(AliasedReturnItem(Identifier(r),Identifier(r)))),None,None,None))))
2016-02-19 09:32:44.214+0000 INFO  [o.n.k.i.t.l.c.CheckPointerImpl] Check Pointing triggered by scheduler for time threshold [6724]:  Starting check pointing...
2016-02-19 09:32:44.215+0000 INFO  [o.n.k.i.t.l.c.CheckPointerImpl] Check Pointing triggered by scheduler for time threshold [6724]:  Starting store flush...
2016-02-19 09:32:44.294+0000 INFO  [o.n.k.i.s.c.CountsTracker] About to rotate counts store at transaction 6724 to [C:\Users\i006766\workspace\lc201602\lc_graph\neostore.counts.db.a], from [C:\Users\i006766\workspace\lc201602\lc_graph\neostore.counts.db.b].
2016-02-19 09:32:44.326+0000 INFO  [o.n.k.i.s.c.CountsTracker] Successfully rotated counts store at transaction 6724 to [C:\Users\i006766\workspace\lc201602\lc_graph\neostore.counts.db.a], from [C:\Users\i006766\workspace\lc201602\lc_graph\neostore.counts.db.b].
2016-02-19 09:32:44.512+0000 INFO  [o.n.k.i.t.l.c.CheckPointerImpl] Check Pointing triggered by scheduler for time threshold [6724]:  Store flush completed
2016-02-19 09:32:44.513+0000 INFO  [o.n.k.i.t.l.c.CheckPointerImpl] Check Pointing triggered by scheduler for time threshold [6724]:  Starting appending check point entry into the tx log...
2016-02-19 09:32:44.526+0000 INFO  [o.n.k.i.t.l.c.CheckPointerImpl] Check Pointing triggered by scheduler for time threshold [6724]:  Appending check point entry into the tx log completed
2016-02-19 09:32:44.527+0000 INFO  [o.n.k.i.t.l.c.CheckPointerImpl] Check Pointing triggered by scheduler for time threshold [6724]:  Check pointing completed
2016-02-19 09:32:44.528+0000 INFO  [o.n.k.i.t.l.p.LogPruningImpl] Log Rotation [0]:  Starting log pruning.
2016-02-19 09:32:44.529+0000 INFO  [o.n.k.i.t.l.p.LogPruningImpl] Log Rotation [0]:  Log pruning complete.
2016-02-19 09:35:29.514+0000 INFO  [o.n.k.i.f.GraphDatabaseFacade] Shutdown started
2016-02-19 09:35:29.514+0000 INFO  [o.n.k.i.f.CommunityFacadeFactory] Database is now unavailable
2016-02-19 09:35:29.685+0000 INFO  [o.n.k.i.t.l.c.CheckPointerImpl] Check Pointing triggered by database shutdown [6724]:  Starting check pointing...
2016-02-19 09:35:29.685+0000 INFO  [o.n.k.i.t.l.c.CheckPointerImpl] Check Pointing triggered by database shutdown [6724]:  Starting store flush...
2016-02-19 09:35:29.870+0000 INFO  [o.n.k.i.t.l.c.CheckPointerImpl] Check Pointing triggered by database shutdown [6724]:  Store flush completed
2016-02-19 09:35:29.871+0000 INFO  [o.n.k.i.t.l.c.CheckPointerImpl] Check Pointing triggered by database shutdown [6724]:  Starting appending check point entry into the tx log...
2016-02-19 09:35:29.883+0000 INFO  [o.n.k.i.t.l.c.CheckPointerImpl] Check Pointing triggered by database shutdown [6724]:  Appending check point entry into the tx log completed
2016-02-19 09:35:29.883+0000 INFO  [o.n.k.i.t.l.c.CheckPointerImpl] Check Pointing triggered by database shutdown [6724]:  Check pointing completed
2016-02-19 09:35:29.883+0000 INFO  [o.n.k.i.t.l.p.LogPruningImpl] Log Rotation [0]:  Starting log pruning.
2016-02-19 09:35:29.883+0000 INFO  [o.n.k.i.t.l.p.LogPruningImpl] Log Rotation [0]:  Log pruning complete.
2016-02-19 09:35:30.723+0000 INFO  [o.n.k.NeoStoreDataSource] NeoStores closed
2016-02-19 09:35:30.724+0000 INFO  [o.n.k.i.DiagnosticsManager] --- STOPPING diagnostics START ---
2016-02-19 09:35:30.724+0000 INFO  [o.n.k.i.DiagnosticsManager] --- STOPPING diagnostics END ---
